{"/Users/shreetikashrestha/tryinadmin/newdipikamanaged/re-webapibackend/src/app.ts": {"path":"/Users/shreetikashrestha/tryinadmin/newdipikamanaged/re-webapibackend/src/app.ts","statementMap":{"0":{"start":{"line":20,"column":0},"end":{"line":20,"column":16}},"1":{"start":{"line":1,"column":0},"end":{"line":1,"column":30}},"2":{"start":{"line":2,"column":0},"end":{"line":2,"column":24}},"3":{"start":{"line":3,"column":0},"end":{"line":3,"column":24}},"4":{"start":{"line":5,"column":0},"end":{"line":5,"column":45}},"5":{"start":{"line":6,"column":0},"end":{"line":6,"column":45}},"6":{"start":{"line":7,"column":0},"end":{"line":7,"column":53}},"7":{"start":{"line":8,"column":0},"end":{"line":8,"column":59}},"8":{"start":{"line":9,"column":0},"end":{"line":9,"column":51}},"9":{"start":{"line":10,"column":0},"end":{"line":10,"column":61}},"10":{"start":{"line":11,"column":0},"end":{"line":11,"column":51}},"11":{"start":{"line":12,"column":0},"end":{"line":12,"column":51}},"12":{"start":{"line":13,"column":0},"end":{"line":13,"column":49}},"13":{"start":{"line":14,"column":0},"end":{"line":14,"column":51}},"14":{"start":{"line":15,"column":0},"end":{"line":15,"column":49}},"15":{"start":{"line":16,"column":0},"end":{"line":16,"column":77}},"16":{"start":{"line":17,"column":0},"end":{"line":17,"column":64}},"17":{"start":{"line":18,"column":0},"end":{"line":18,"column":74}},"18":{"start":{"line":21,"column":16},"end":{"line":21,"column":25}},"19":{"start":{"line":23,"column":4},"end":{"line":26,"column":7}},"20":{"start":{"line":24,"column":8},"end":{"line":24,"column":20}},"21":{"start":{"line":25,"column":8},"end":{"line":25,"column":15}},"22":{"start":{"line":28,"column":23},"end":{"line":34,"column":55}},"23":{"start":{"line":34,"column":39},"end":{"line":34,"column":54}},"24":{"start":{"line":36,"column":20},"end":{"line":45,"column":2}},"25":{"start":{"line":38,"column":8},"end":{"line":42,"column":9}},"26":{"start":{"line":39,"column":12},"end":{"line":39,"column":33}},"27":{"start":{"line":41,"column":12},"end":{"line":41,"column":55}},"28":{"start":{"line":47,"column":0},"end":{"line":47,"column":27}},"29":{"start":{"line":48,"column":0},"end":{"line":48,"column":24}},"30":{"start":{"line":49,"column":0},"end":{"line":49,"column":48}},"31":{"start":{"line":50,"column":0},"end":{"line":50,"column":72}},"32":{"start":{"line":52,"column":0},"end":{"line":52,"column":37}},"33":{"start":{"line":54,"column":0},"end":{"line":54,"column":33}},"34":{"start":{"line":55,"column":0},"end":{"line":55,"column":34}},"35":{"start":{"line":56,"column":0},"end":{"line":56,"column":42}},"36":{"start":{"line":57,"column":0},"end":{"line":57,"column":48}},"37":{"start":{"line":58,"column":0},"end":{"line":58,"column":40}},"38":{"start":{"line":59,"column":0},"end":{"line":59,"column":50}},"39":{"start":{"line":60,"column":0},"end":{"line":60,"column":40}},"40":{"start":{"line":61,"column":0},"end":{"line":61,"column":40}},"41":{"start":{"line":62,"column":0},"end":{"line":62,"column":38}},"42":{"start":{"line":63,"column":0},"end":{"line":63,"column":39}},"43":{"start":{"line":65,"column":0},"end":{"line":65,"column":40}},"44":{"start":{"line":66,"column":0},"end":{"line":66,"column":48}},"45":{"start":{"line":67,"column":0},"end":{"line":67,"column":54}},"46":{"start":{"line":69,"column":0},"end":{"line":76,"column":2}},"47":{"start":{"line":74,"column":8},"end":{"line":74,"column":63}},"48":{"start":{"line":78,"column":0},"end":{"line":85,"column":2}},"49":{"start":{"line":83,"column":8},"end":{"line":83,"column":68}},"50":{"start":{"line":87,"column":4},"end":{"line":87,"column":15}},"51":{"start":{"line":90,"column":0},"end":{"line":90,"column":24}}},"fnMap":{"0":{"name":"setupApp","decl":{"start":{"line":20,"column":16},"end":{"line":20,"column":24}},"loc":{"start":{"line":20,"column":35},"end":{"line":88,"column":1}}},"1":{"name":"(anonymous_2)","decl":{"start":{"line":23,"column":12},"end":{"line":23,"column":13}},"loc":{"start":{"line":23,"column":36},"end":{"line":26,"column":5}}},"2":{"name":"(anonymous_3)","decl":{"start":{"line":34,"column":9},"end":{"line":34,"column":10}},"loc":{"start":{"line":34,"column":39},"end":{"line":34,"column":54}}},"3":{"name":"(anonymous_4)","decl":{"start":{"line":37,"column":12},"end":{"line":37,"column":13}},"loc":{"start":{"line":37,"column":99},"end":{"line":43,"column":5}}},"4":{"name":"(anonymous_5)","decl":{"start":{"line":73,"column":4},"end":{"line":73,"column":5}},"loc":{"start":{"line":73,"column":17},"end":{"line":75,"column":5}}},"5":{"name":"(anonymous_6)","decl":{"start":{"line":82,"column":4},"end":{"line":82,"column":5}},"loc":{"start":{"line":82,"column":17},"end":{"line":84,"column":5}}}},"branchMap":{"0":{"loc":{"start":{"line":33,"column":4},"end":{"line":33,"column":34}},"type":"binary-expr","locations":[{"start":{"line":33,"column":4},"end":{"line":33,"column":28}},{"start":{"line":33,"column":32},"end":{"line":33,"column":34}}]},"1":{"loc":{"start":{"line":38,"column":8},"end":{"line":42,"column":9}},"type":"if","locations":[{"start":{"line":38,"column":8},"end":{"line":42,"column":9}},{"start":{"line":40,"column":15},"end":{"line":42,"column":9}}]},"2":{"loc":{"start":{"line":38,"column":12},"end":{"line":38,"column":54}},"type":"binary-expr","locations":[{"start":{"line":38,"column":12},"end":{"line":38,"column":19}},{"start":{"line":38,"column":23},"end":{"line":38,"column":54}}]}},"s":{"0":5,"1":5,"2":5,"3":5,"4":5,"5":5,"6":5,"7":5,"8":5,"9":5,"10":5,"11":5,"12":5,"13":5,"14":5,"15":5,"16":5,"17":5,"18":5,"19":5,"20":135,"21":135,"22":5,"23":25,"24":5,"25":135,"26":135,"27":0,"28":5,"29":5,"30":5,"31":5,"32":5,"33":5,"34":5,"35":5,"36":5,"37":5,"38":5,"39":5,"40":5,"41":5,"42":5,"43":5,"44":5,"45":5,"46":5,"47":0,"48":5,"49":0,"50":5,"51":5},"f":{"0":5,"1":135,"2":25,"3":135,"4":0,"5":0},"b":{"0":[5,0],"1":[135,0],"2":[135,0]}}
,"/Users/shreetikashrestha/tryinadmin/newdipikamanaged/re-webapibackend/src/test-app.ts": {"path":"/Users/shreetikashrestha/tryinadmin/newdipikamanaged/re-webapibackend/src/test-app.ts","statementMap":{"0":{"start":{"line":2,"column":0},"end":{"line":2,"column":33}},"1":{"start":{"line":4,"column":15},"end":{"line":12,"column":23}},"2":{"start":{"line":14,"column":12},"end":{"line":14,"column":28}},"3":{"start":{"line":16,"column":0},"end":{"line":16,"column":19}}},"fnMap":{},"branchMap":{},"s":{"0":5,"1":5,"2":5,"3":5},"f":{},"b":{}}
,"/Users/shreetikashrestha/tryinadmin/newdipikamanaged/re-webapibackend/src/controllers/application.controller.ts": {"path":"/Users/shreetikashrestha/tryinadmin/newdipikamanaged/re-webapibackend/src/controllers/application.controller.ts","statementMap":{"0":{"start":{"line":2,"column":0},"end":{"line":2,"column":32}},"1":{"start":{"line":3,"column":0},"end":{"line":3,"column":63}},"2":{"start":{"line":4,"column":0},"end":{"line":4,"column":57}},"3":{"start":{"line":9,"column":8},"end":{"line":64,"column":9}},"4":{"start":{"line":10,"column":28},"end":{"line":10,"column":48}},"5":{"start":{"line":11,"column":44},"end":{"line":11,"column":52}},"6":{"start":{"line":13,"column":12},"end":{"line":18,"column":13}},"7":{"start":{"line":14,"column":16},"end":{"line":17,"column":19}},"8":{"start":{"line":20,"column":29},"end":{"line":20,"column":69}},"9":{"start":{"line":21,"column":12},"end":{"line":26,"column":13}},"10":{"start":{"line":22,"column":16},"end":{"line":25,"column":19}},"11":{"start":{"line":28,"column":40},"end":{"line":31,"column":14}},"12":{"start":{"line":33,"column":12},"end":{"line":38,"column":13}},"13":{"start":{"line":34,"column":16},"end":{"line":37,"column":19}},"14":{"start":{"line":40,"column":32},"end":{"line":46,"column":14}},"15":{"start":{"line":48,"column":12},"end":{"line":51,"column":14}},"16":{"start":{"line":53,"column":12},"end":{"line":57,"column":15}},"17":{"start":{"line":59,"column":12},"end":{"line":59,"column":64}},"18":{"start":{"line":60,"column":12},"end":{"line":63,"column":15}},"19":{"start":{"line":68,"column":8},"end":{"line":108,"column":9}},"20":{"start":{"line":69,"column":28},"end":{"line":69,"column":48}},"21":{"start":{"line":70,"column":35},"end":{"line":70,"column":45}},"22":{"start":{"line":71,"column":31},"end":{"line":71,"column":40}},"23":{"start":{"line":73,"column":29},"end":{"line":73,"column":69}},"24":{"start":{"line":74,"column":12},"end":{"line":79,"column":13}},"25":{"start":{"line":75,"column":16},"end":{"line":78,"column":19}},"26":{"start":{"line":81,"column":12},"end":{"line":86,"column":13}},"27":{"start":{"line":82,"column":16},"end":{"line":85,"column":19}},"28":{"start":{"line":88,"column":32},"end":{"line":88,"column":46}},"29":{"start":{"line":89,"column":12},"end":{"line":91,"column":13}},"30":{"start":{"line":90,"column":16},"end":{"line":90,"column":39}},"31":{"start":{"line":93,"column":33},"end":{"line":96,"column":40}},"32":{"start":{"line":98,"column":12},"end":{"line":101,"column":15}},"33":{"start":{"line":103,"column":12},"end":{"line":103,"column":74}},"34":{"start":{"line":104,"column":12},"end":{"line":107,"column":15}},"35":{"start":{"line":112,"column":8},"end":{"line":136,"column":9}},"36":{"start":{"line":113,"column":28},"end":{"line":113,"column":48}},"37":{"start":{"line":114,"column":31},"end":{"line":114,"column":40}},"38":{"start":{"line":116,"column":32},"end":{"line":116,"column":56}},"39":{"start":{"line":117,"column":12},"end":{"line":119,"column":13}},"40":{"start":{"line":118,"column":16},"end":{"line":118,"column":39}},"41":{"start":{"line":121,"column":33},"end":{"line":124,"column":40}},"42":{"start":{"line":126,"column":12},"end":{"line":129,"column":15}},"43":{"start":{"line":131,"column":12},"end":{"line":131,"column":76}},"44":{"start":{"line":132,"column":12},"end":{"line":135,"column":15}},"45":{"start":{"line":140,"column":8},"end":{"line":215,"column":9}},"46":{"start":{"line":141,"column":26},"end":{"line":141,"column":42}},"47":{"start":{"line":142,"column":27},"end":{"line":142,"column":35}},"48":{"start":{"line":143,"column":42},"end":{"line":143,"column":52}},"49":{"start":{"line":144,"column":31},"end":{"line":144,"column":39}},"50":{"start":{"line":146,"column":12},"end":{"line":146,"column":65}},"51":{"start":{"line":147,"column":12},"end":{"line":147,"column":51}},"52":{"start":{"line":148,"column":12},"end":{"line":148,"column":55}},"53":{"start":{"line":149,"column":12},"end":{"line":149,"column":81}},"54":{"start":{"line":150,"column":12},"end":{"line":150,"column":58}},"55":{"start":{"line":151,"column":12},"end":{"line":151,"column":47}},"56":{"start":{"line":153,"column":12},"end":{"line":158,"column":13}},"57":{"start":{"line":154,"column":16},"end":{"line":157,"column":19}},"58":{"start":{"line":160,"column":32},"end":{"line":160,"column":78}},"59":{"start":{"line":161,"column":12},"end":{"line":167,"column":13}},"60":{"start":{"line":162,"column":16},"end":{"line":162,"column":53}},"61":{"start":{"line":163,"column":16},"end":{"line":166,"column":19}},"62":{"start":{"line":169,"column":12},"end":{"line":174,"column":15}},"63":{"start":{"line":176,"column":31},"end":{"line":176,"column":61}},"64":{"start":{"line":177,"column":30},"end":{"line":177,"column":47}},"65":{"start":{"line":179,"column":12},"end":{"line":184,"column":15}},"66":{"start":{"line":186,"column":12},"end":{"line":192,"column":13}},"67":{"start":{"line":187,"column":16},"end":{"line":187,"column":70}},"68":{"start":{"line":188,"column":16},"end":{"line":191,"column":19}},"69":{"start":{"line":194,"column":12},"end":{"line":194,"column":65}},"70":{"start":{"line":196,"column":12},"end":{"line":196,"column":67}},"71":{"start":{"line":197,"column":12},"end":{"line":197,"column":37}},"72":{"start":{"line":199,"column":12},"end":{"line":199,"column":73}},"73":{"start":{"line":200,"column":12},"end":{"line":200,"column":62}},"74":{"start":{"line":202,"column":12},"end":{"line":202,"column":57}},"75":{"start":{"line":204,"column":12},"end":{"line":208,"column":15}},"76":{"start":{"line":210,"column":12},"end":{"line":210,"column":71}},"77":{"start":{"line":211,"column":12},"end":{"line":214,"column":15}},"78":{"start":{"line":219,"column":8},"end":{"line":293,"column":9}},"79":{"start":{"line":220,"column":26},"end":{"line":220,"column":42}},"80":{"start":{"line":221,"column":27},"end":{"line":221,"column":35}},"81":{"start":{"line":222,"column":42},"end":{"line":222,"column":52}},"82":{"start":{"line":224,"column":12},"end":{"line":224,"column":60}},"83":{"start":{"line":225,"column":12},"end":{"line":225,"column":51}},"84":{"start":{"line":226,"column":12},"end":{"line":226,"column":55}},"85":{"start":{"line":227,"column":12},"end":{"line":227,"column":81}},"86":{"start":{"line":228,"column":12},"end":{"line":228,"column":68}},"87":{"start":{"line":230,"column":32},"end":{"line":233,"column":54}},"88":{"start":{"line":235,"column":12},"end":{"line":241,"column":13}},"89":{"start":{"line":236,"column":16},"end":{"line":236,"column":53}},"90":{"start":{"line":237,"column":16},"end":{"line":240,"column":19}},"91":{"start":{"line":243,"column":12},"end":{"line":251,"column":15}},"92":{"start":{"line":253,"column":32},"end":{"line":255,"column":48}},"93":{"start":{"line":257,"column":37},"end":{"line":259,"column":53}},"94":{"start":{"line":261,"column":30},"end":{"line":261,"column":47}},"95":{"start":{"line":263,"column":12},"end":{"line":269,"column":15}},"96":{"start":{"line":271,"column":28},"end":{"line":271,"column":52}},"97":{"start":{"line":272,"column":33},"end":{"line":272,"column":62}},"98":{"start":{"line":274,"column":12},"end":{"line":280,"column":13}},"99":{"start":{"line":275,"column":16},"end":{"line":275,"column":111}},"100":{"start":{"line":276,"column":16},"end":{"line":279,"column":19}},"101":{"start":{"line":282,"column":12},"end":{"line":282,"column":48}},"102":{"start":{"line":283,"column":12},"end":{"line":286,"column":15}},"103":{"start":{"line":288,"column":12},"end":{"line":288,"column":64}},"104":{"start":{"line":289,"column":12},"end":{"line":292,"column":15}},"105":{"start":{"line":297,"column":8},"end":{"line":336,"column":9}},"106":{"start":{"line":298,"column":28},"end":{"line":298,"column":48}},"107":{"start":{"line":300,"column":26},"end":{"line":318,"column":14}},"108":{"start":{"line":320,"column":27},"end":{"line":324,"column":14}},"109":{"start":{"line":326,"column":12},"end":{"line":329,"column":15}},"110":{"start":{"line":331,"column":12},"end":{"line":331,"column":69}},"111":{"start":{"line":332,"column":12},"end":{"line":335,"column":15}},"112":{"start":{"line":7,"column":0},"end":{"line":7,"column":13}}},"fnMap":{"0":{"name":"(anonymous_1)","decl":{"start":{"line":8,"column":4},"end":{"line":8,"column":9}},"loc":{"start":{"line":8,"column":55},"end":{"line":65,"column":5}}},"1":{"name":"(anonymous_2)","decl":{"start":{"line":67,"column":4},"end":{"line":67,"column":9}},"loc":{"start":{"line":67,"column":61},"end":{"line":109,"column":5}}},"2":{"name":"(anonymous_3)","decl":{"start":{"line":111,"column":4},"end":{"line":111,"column":9}},"loc":{"start":{"line":111,"column":63},"end":{"line":137,"column":5}}},"3":{"name":"(anonymous_4)","decl":{"start":{"line":139,"column":4},"end":{"line":139,"column":9}},"loc":{"start":{"line":139,"column":61},"end":{"line":216,"column":5}}},"4":{"name":"(anonymous_5)","decl":{"start":{"line":218,"column":4},"end":{"line":218,"column":9}},"loc":{"start":{"line":218,"column":56},"end":{"line":294,"column":5}}},"5":{"name":"(anonymous_6)","decl":{"start":{"line":296,"column":4},"end":{"line":296,"column":9}},"loc":{"start":{"line":296,"column":56},"end":{"line":337,"column":5}}}},"branchMap":{"0":{"loc":{"start":{"line":13,"column":12},"end":{"line":18,"column":13}},"type":"if","locations":[{"start":{"line":13,"column":12},"end":{"line":18,"column":13}}]},"1":{"loc":{"start":{"line":21,"column":12},"end":{"line":26,"column":13}},"type":"if","locations":[{"start":{"line":21,"column":12},"end":{"line":26,"column":13}}]},"2":{"loc":{"start":{"line":33,"column":12},"end":{"line":38,"column":13}},"type":"if","locations":[{"start":{"line":33,"column":12},"end":{"line":38,"column":13}}]},"3":{"loc":{"start":{"line":44,"column":33},"end":{"line":44,"column":46}},"type":"binary-expr","locations":[{"start":{"line":44,"column":33},"end":{"line":44,"column":40}},{"start":{"line":44,"column":44},"end":{"line":44,"column":46}}]},"4":{"loc":{"start":{"line":62,"column":25},"end":{"line":62,"column":72}},"type":"binary-expr","locations":[{"start":{"line":62,"column":25},"end":{"line":62,"column":38}},{"start":{"line":62,"column":42},"end":{"line":62,"column":72}}]},"5":{"loc":{"start":{"line":74,"column":12},"end":{"line":79,"column":13}},"type":"if","locations":[{"start":{"line":74,"column":12},"end":{"line":79,"column":13}}]},"6":{"loc":{"start":{"line":81,"column":12},"end":{"line":86,"column":13}},"type":"if","locations":[{"start":{"line":81,"column":12},"end":{"line":86,"column":13}}]},"7":{"loc":{"start":{"line":89,"column":12},"end":{"line":91,"column":13}},"type":"if","locations":[{"start":{"line":89,"column":12},"end":{"line":91,"column":13}}]},"8":{"loc":{"start":{"line":106,"column":25},"end":{"line":106,"column":72}},"type":"binary-expr","locations":[{"start":{"line":106,"column":25},"end":{"line":106,"column":38}},{"start":{"line":106,"column":42},"end":{"line":106,"column":72}}]},"9":{"loc":{"start":{"line":117,"column":12},"end":{"line":119,"column":13}},"type":"if","locations":[{"start":{"line":117,"column":12},"end":{"line":119,"column":13}}]},"10":{"loc":{"start":{"line":134,"column":25},"end":{"line":134,"column":72}},"type":"binary-expr","locations":[{"start":{"line":134,"column":25},"end":{"line":134,"column":38}},{"start":{"line":134,"column":42},"end":{"line":134,"column":72}}]},"11":{"loc":{"start":{"line":153,"column":12},"end":{"line":158,"column":13}},"type":"if","locations":[{"start":{"line":153,"column":12},"end":{"line":158,"column":13}}]},"12":{"loc":{"start":{"line":153,"column":16},"end":{"line":153,"column":69}},"type":"binary-expr","locations":[{"start":{"line":153,"column":16},"end":{"line":153,"column":23}},{"start":{"line":153,"column":27},"end":{"line":153,"column":69}}]},"13":{"loc":{"start":{"line":161,"column":12},"end":{"line":167,"column":13}},"type":"if","locations":[{"start":{"line":161,"column":12},"end":{"line":167,"column":13}}]},"14":{"loc":{"start":{"line":186,"column":12},"end":{"line":192,"column":13}},"type":"if","locations":[{"start":{"line":186,"column":12},"end":{"line":192,"column":13}}]},"15":{"loc":{"start":{"line":213,"column":25},"end":{"line":213,"column":79}},"type":"binary-expr","locations":[{"start":{"line":213,"column":25},"end":{"line":213,"column":38}},{"start":{"line":213,"column":42},"end":{"line":213,"column":79}}]},"16":{"loc":{"start":{"line":235,"column":12},"end":{"line":241,"column":13}},"type":"if","locations":[{"start":{"line":235,"column":12},"end":{"line":241,"column":13}}]},"17":{"loc":{"start":{"line":253,"column":32},"end":{"line":255,"column":48}},"type":"cond-expr","locations":[{"start":{"line":254,"column":19},"end":{"line":254,"column":61}},{"start":{"line":255,"column":18},"end":{"line":255,"column":48}}]},"18":{"loc":{"start":{"line":257,"column":37},"end":{"line":259,"column":53}},"type":"cond-expr","locations":[{"start":{"line":258,"column":19},"end":{"line":258,"column":66}},{"start":{"line":259,"column":18},"end":{"line":259,"column":53}}]},"19":{"loc":{"start":{"line":274,"column":12},"end":{"line":280,"column":13}},"type":"if","locations":[{"start":{"line":274,"column":12},"end":{"line":280,"column":13}}]},"20":{"loc":{"start":{"line":274,"column":16},"end":{"line":274,"column":41}},"type":"binary-expr","locations":[{"start":{"line":274,"column":16},"end":{"line":274,"column":24}},{"start":{"line":274,"column":28},"end":{"line":274,"column":41}}]},"21":{"loc":{"start":{"line":291,"column":25},"end":{"line":291,"column":71}},"type":"binary-expr","locations":[{"start":{"line":291,"column":25},"end":{"line":291,"column":38}},{"start":{"line":291,"column":42},"end":{"line":291,"column":71}}]},"22":{"loc":{"start":{"line":320,"column":27},"end":{"line":324,"column":14}},"type":"cond-expr","locations":[{"start":{"line":320,"column":46},"end":{"line":320,"column":54}},{"start":{"line":320,"column":57},"end":{"line":324,"column":14}}]},"23":{"loc":{"start":{"line":334,"column":25},"end":{"line":334,"column":65}},"type":"binary-expr","locations":[{"start":{"line":334,"column":25},"end":{"line":334,"column":38}},{"start":{"line":334,"column":42},"end":{"line":334,"column":65}}]}},"s":{"0":5,"1":5,"2":5,"3":2,"4":2,"5":2,"6":2,"7":0,"8":2,"9":2,"10":0,"11":2,"12":2,"13":1,"14":1,"15":1,"16":1,"17":0,"18":0,"19":2,"20":2,"21":2,"22":2,"23":2,"24":2,"25":0,"26":2,"27":1,"28":1,"29":1,"30":0,"31":1,"32":1,"33":0,"34":0,"35":3,"36":3,"37":3,"38":3,"39":3,"40":0,"41":3,"42":3,"43":0,"44":0,"45":4,"46":4,"47":4,"48":4,"49":4,"50":4,"51":4,"52":4,"53":4,"54":4,"55":4,"56":4,"57":1,"58":3,"59":3,"60":0,"61":0,"62":3,"63":3,"64":3,"65":3,"66":3,"67":1,"68":1,"69":2,"70":2,"71":2,"72":2,"73":2,"74":2,"75":2,"76":0,"77":0,"78":1,"79":1,"80":1,"81":1,"82":1,"83":1,"84":1,"85":1,"86":1,"87":1,"88":1,"89":0,"90":0,"91":1,"92":1,"93":1,"94":1,"95":1,"96":1,"97":1,"98":1,"99":0,"100":0,"101":1,"102":1,"103":0,"104":0,"105":1,"106":1,"107":1,"108":1,"109":1,"110":0,"111":0,"112":5},"f":{"0":2,"1":2,"2":3,"3":4,"4":1,"5":1},"b":{"0":[0],"1":[0],"2":[1],"3":[1,0],"4":[0,0],"5":[0],"6":[1],"7":[0],"8":[0,0],"9":[0],"10":[0,0],"11":[1],"12":[4,4],"13":[0],"14":[1],"15":[0,0],"16":[0],"17":[1,0],"18":[1,0],"19":[0],"20":[1,0],"21":[0,0],"22":[1,0],"23":[0,0]}}
,"/Users/shreetikashrestha/tryinadmin/newdipikamanaged/re-webapibackend/src/controllers/auth.controller.ts": {"path":"/Users/shreetikashrestha/tryinadmin/newdipikamanaged/re-webapibackend/src/controllers/auth.controller.ts","statementMap":{"0":{"start":{"line":1,"column":0},"end":{"line":1,"column":20}},"1":{"start":{"line":3,"column":0},"end":{"line":3,"column":63}},"2":{"start":{"line":4,"column":0},"end":{"line":4,"column":55}},"3":{"start":{"line":5,"column":0},"end":{"line":5,"column":57}},"4":{"start":{"line":6,"column":0},"end":{"line":6,"column":49}},"5":{"start":{"line":7,"column":0},"end":{"line":7,"column":47}},"6":{"start":{"line":9,"column":18},"end":{"line":9,"column":35}},"7":{"start":{"line":13,"column":8},"end":{"line":42,"column":9}},"8":{"start":{"line":14,"column":31},"end":{"line":14,"column":64}},"9":{"start":{"line":15,"column":12},"end":{"line":20,"column":13}},"10":{"start":{"line":16,"column":16},"end":{"line":19,"column":19}},"11":{"start":{"line":21,"column":28},"end":{"line":21,"column":75}},"12":{"start":{"line":23,"column":33},"end":{"line":30,"column":14}},"13":{"start":{"line":32,"column":12},"end":{"line":36,"column":15}},"14":{"start":{"line":38,"column":12},"end":{"line":41,"column":15}},"15":{"start":{"line":46,"column":8},"end":{"line":76,"column":9}},"16":{"start":{"line":47,"column":12},"end":{"line":47,"column":null}},"17":{"start":{"line":48,"column":31},"end":{"line":48,"column":63}},"18":{"start":{"line":49,"column":12},"end":{"line":54,"column":13}},"19":{"start":{"line":50,"column":16},"end":{"line":53,"column":19}},"20":{"start":{"line":55,"column":36},"end":{"line":55,"column":80}},"21":{"start":{"line":57,"column":33},"end":{"line":64,"column":14}},"22":{"start":{"line":66,"column":12},"end":{"line":70,"column":15}},"23":{"start":{"line":72,"column":12},"end":{"line":75,"column":15}},"24":{"start":{"line":80,"column":8},"end":{"line":107,"column":9}},"25":{"start":{"line":81,"column":30},"end":{"line":81,"column":38}},"26":{"start":{"line":82,"column":12},"end":{"line":82,"column":70}},"27":{"start":{"line":82,"column":24},"end":{"line":82,"column":70}},"28":{"start":{"line":84,"column":26},"end":{"line":84,"column":65}},"29":{"start":{"line":85,"column":29},"end":{"line":85,"column":33}},"30":{"start":{"line":87,"column":12},"end":{"line":95,"column":13}},"31":{"start":{"line":88,"column":16},"end":{"line":94,"column":17}},"32":{"start":{"line":89,"column":41},"end":{"line":89,"column":59}},"33":{"start":{"line":90,"column":35},"end":{"line":90,"column":132}},"34":{"start":{"line":91,"column":20},"end":{"line":91,"column":51}},"35":{"start":{"line":93,"column":20},"end":{"line":93,"column":111}},"36":{"start":{"line":97,"column":12},"end":{"line":100,"column":15}},"37":{"start":{"line":102,"column":12},"end":{"line":102,"column":59}},"38":{"start":{"line":103,"column":12},"end":{"line":106,"column":15}},"39":{"start":{"line":111,"column":8},"end":{"line":125,"column":9}},"40":{"start":{"line":112,"column":43},"end":{"line":112,"column":51}},"41":{"start":{"line":113,"column":12},"end":{"line":113,"column":104}},"42":{"start":{"line":113,"column":40},"end":{"line":113,"column":104}},"43":{"start":{"line":115,"column":27},"end":{"line":115,"column":78}},"44":{"start":{"line":116,"column":12},"end":{"line":119,"column":15}},"45":{"start":{"line":121,"column":12},"end":{"line":124,"column":15}},"46":{"start":{"line":129,"column":8},"end":{"line":143,"column":9}},"47":{"start":{"line":130,"column":25},"end":{"line":130,"column":33}},"48":{"start":{"line":131,"column":12},"end":{"line":131,"column":69}},"49":{"start":{"line":131,"column":23},"end":{"line":131,"column":69}},"50":{"start":{"line":133,"column":12},"end":{"line":137,"column":15}},"51":{"start":{"line":139,"column":12},"end":{"line":142,"column":15}},"52":{"start":{"line":147,"column":8},"end":{"line":169,"column":9}},"53":{"start":{"line":148,"column":53},"end":{"line":148,"column":61}},"54":{"start":{"line":149,"column":27},"end":{"line":149,"column":39}},"55":{"start":{"line":151,"column":12},"end":{"line":153,"column":13}},"56":{"start":{"line":152,"column":16},"end":{"line":152,"column":91}},"57":{"start":{"line":155,"column":12},"end":{"line":157,"column":13}},"58":{"start":{"line":156,"column":16},"end":{"line":156,"column":92}},"59":{"start":{"line":159,"column":27},"end":{"line":159,"column":97}},"60":{"start":{"line":160,"column":12},"end":{"line":163,"column":15}},"61":{"start":{"line":165,"column":12},"end":{"line":168,"column":15}},"62":{"start":{"line":11,"column":0},"end":{"line":11,"column":13}}},"fnMap":{"0":{"name":"(anonymous_1)","decl":{"start":{"line":12,"column":4},"end":{"line":12,"column":9}},"loc":{"start":{"line":12,"column":46},"end":{"line":43,"column":5}}},"1":{"name":"(anonymous_2)","decl":{"start":{"line":45,"column":4},"end":{"line":45,"column":9}},"loc":{"start":{"line":45,"column":43},"end":{"line":77,"column":5}}},"2":{"name":"(anonymous_3)","decl":{"start":{"line":79,"column":4},"end":{"line":79,"column":9}},"loc":{"start":{"line":79,"column":52},"end":{"line":108,"column":5}}},"3":{"name":"(anonymous_4)","decl":{"start":{"line":110,"column":4},"end":{"line":110,"column":9}},"loc":{"start":{"line":110,"column":51},"end":{"line":126,"column":5}}},"4":{"name":"(anonymous_5)","decl":{"start":{"line":128,"column":4},"end":{"line":128,"column":9}},"loc":{"start":{"line":128,"column":40},"end":{"line":144,"column":5}}},"5":{"name":"(anonymous_6)","decl":{"start":{"line":146,"column":4},"end":{"line":146,"column":9}},"loc":{"start":{"line":146,"column":48},"end":{"line":170,"column":5}}}},"branchMap":{"0":{"loc":{"start":{"line":15,"column":12},"end":{"line":20,"column":13}},"type":"if","locations":[{"start":{"line":15,"column":12},"end":{"line":20,"column":13}}]},"1":{"loc":{"start":{"line":24,"column":24},"end":{"line":24,"column":42}},"type":"binary-expr","locations":[{"start":{"line":24,"column":24},"end":{"line":24,"column":36}},{"start":{"line":24,"column":40},"end":{"line":24,"column":42}}]},"2":{"loc":{"start":{"line":25,"column":23},"end":{"line":25,"column":43}},"type":"binary-expr","locations":[{"start":{"line":25,"column":23},"end":{"line":25,"column":37}},{"start":{"line":25,"column":41},"end":{"line":25,"column":43}}]},"3":{"loc":{"start":{"line":26,"column":26},"end":{"line":26,"column":49}},"type":"binary-expr","locations":[{"start":{"line":26,"column":26},"end":{"line":26,"column":43}},{"start":{"line":26,"column":47},"end":{"line":26,"column":49}}]},"4":{"loc":{"start":{"line":27,"column":30},"end":{"line":27,"column":60}},"type":"binary-expr","locations":[{"start":{"line":27,"column":30},"end":{"line":27,"column":51}},{"start":{"line":27,"column":55},"end":{"line":27,"column":60}}]},"5":{"loc":{"start":{"line":28,"column":22},"end":{"line":28,"column":45}},"type":"binary-expr","locations":[{"start":{"line":28,"column":22},"end":{"line":28,"column":35}},{"start":{"line":28,"column":39},"end":{"line":28,"column":45}}]},"6":{"loc":{"start":{"line":29,"column":27},"end":{"line":29,"column":53}},"type":"binary-expr","locations":[{"start":{"line":29,"column":27},"end":{"line":29,"column":45}},{"start":{"line":29,"column":49},"end":{"line":29,"column":53}}]},"7":{"loc":{"start":{"line":38,"column":30},"end":{"line":38,"column":53}},"type":"binary-expr","locations":[{"start":{"line":38,"column":30},"end":{"line":38,"column":46}},{"start":{"line":38,"column":50},"end":{"line":38,"column":53}}]},"8":{"loc":{"start":{"line":40,"column":25},"end":{"line":40,"column":65}},"type":"binary-expr","locations":[{"start":{"line":40,"column":25},"end":{"line":40,"column":38}},{"start":{"line":40,"column":42},"end":{"line":40,"column":65}}]},"9":{"loc":{"start":{"line":49,"column":12},"end":{"line":54,"column":13}},"type":"if","locations":[{"start":{"line":49,"column":12},"end":{"line":54,"column":13}}]},"10":{"loc":{"start":{"line":58,"column":24},"end":{"line":58,"column":39}},"type":"binary-expr","locations":[{"start":{"line":58,"column":24},"end":{"line":58,"column":33}},{"start":{"line":58,"column":37},"end":{"line":58,"column":39}}]},"11":{"loc":{"start":{"line":59,"column":23},"end":{"line":59,"column":40}},"type":"binary-expr","locations":[{"start":{"line":59,"column":23},"end":{"line":59,"column":34}},{"start":{"line":59,"column":38},"end":{"line":59,"column":40}}]},"12":{"loc":{"start":{"line":60,"column":26},"end":{"line":60,"column":46}},"type":"binary-expr","locations":[{"start":{"line":60,"column":26},"end":{"line":60,"column":40}},{"start":{"line":60,"column":44},"end":{"line":60,"column":46}}]},"13":{"loc":{"start":{"line":61,"column":30},"end":{"line":61,"column":57}},"type":"binary-expr","locations":[{"start":{"line":61,"column":30},"end":{"line":61,"column":48}},{"start":{"line":61,"column":52},"end":{"line":61,"column":57}}]},"14":{"loc":{"start":{"line":62,"column":22},"end":{"line":62,"column":42}},"type":"binary-expr","locations":[{"start":{"line":62,"column":22},"end":{"line":62,"column":32}},{"start":{"line":62,"column":36},"end":{"line":62,"column":42}}]},"15":{"loc":{"start":{"line":63,"column":27},"end":{"line":63,"column":50}},"type":"binary-expr","locations":[{"start":{"line":63,"column":27},"end":{"line":63,"column":42}},{"start":{"line":63,"column":46},"end":{"line":63,"column":50}}]},"16":{"loc":{"start":{"line":72,"column":30},"end":{"line":72,"column":53}},"type":"binary-expr","locations":[{"start":{"line":72,"column":30},"end":{"line":72,"column":46}},{"start":{"line":72,"column":50},"end":{"line":72,"column":53}}]},"17":{"loc":{"start":{"line":74,"column":25},"end":{"line":74,"column":65}},"type":"binary-expr","locations":[{"start":{"line":74,"column":25},"end":{"line":74,"column":38}},{"start":{"line":74,"column":42},"end":{"line":74,"column":65}}]},"18":{"loc":{"start":{"line":82,"column":12},"end":{"line":82,"column":70}},"type":"if","locations":[{"start":{"line":82,"column":12},"end":{"line":82,"column":70}}]},"19":{"loc":{"start":{"line":87,"column":12},"end":{"line":95,"column":13}},"type":"if","locations":[{"start":{"line":87,"column":12},"end":{"line":95,"column":13}}]},"20":{"loc":{"start":{"line":103,"column":30},"end":{"line":103,"column":53}},"type":"binary-expr","locations":[{"start":{"line":103,"column":30},"end":{"line":103,"column":46}},{"start":{"line":103,"column":50},"end":{"line":103,"column":53}}]},"21":{"loc":{"start":{"line":105,"column":25},"end":{"line":105,"column":64}},"type":"binary-expr","locations":[{"start":{"line":105,"column":25},"end":{"line":105,"column":38}},{"start":{"line":105,"column":42},"end":{"line":105,"column":64}}]},"22":{"loc":{"start":{"line":113,"column":12},"end":{"line":113,"column":104}},"type":"if","locations":[{"start":{"line":113,"column":12},"end":{"line":113,"column":104}}]},"23":{"loc":{"start":{"line":113,"column":16},"end":{"line":113,"column":38}},"type":"binary-expr","locations":[{"start":{"line":113,"column":16},"end":{"line":113,"column":22}},{"start":{"line":113,"column":26},"end":{"line":113,"column":38}}]},"24":{"loc":{"start":{"line":121,"column":30},"end":{"line":121,"column":53}},"type":"binary-expr","locations":[{"start":{"line":121,"column":30},"end":{"line":121,"column":46}},{"start":{"line":121,"column":50},"end":{"line":121,"column":53}}]},"25":{"loc":{"start":{"line":123,"column":25},"end":{"line":123,"column":64}},"type":"binary-expr","locations":[{"start":{"line":123,"column":25},"end":{"line":123,"column":38}},{"start":{"line":123,"column":42},"end":{"line":123,"column":64}}]},"26":{"loc":{"start":{"line":131,"column":12},"end":{"line":131,"column":69}},"type":"if","locations":[{"start":{"line":131,"column":12},"end":{"line":131,"column":69}}]},"27":{"loc":{"start":{"line":139,"column":30},"end":{"line":139,"column":53}},"type":"binary-expr","locations":[{"start":{"line":139,"column":30},"end":{"line":139,"column":46}},{"start":{"line":139,"column":50},"end":{"line":139,"column":53}}]},"28":{"loc":{"start":{"line":141,"column":25},"end":{"line":141,"column":65}},"type":"binary-expr","locations":[{"start":{"line":141,"column":25},"end":{"line":141,"column":38}},{"start":{"line":141,"column":42},"end":{"line":141,"column":65}}]},"29":{"loc":{"start":{"line":151,"column":12},"end":{"line":153,"column":13}},"type":"if","locations":[{"start":{"line":151,"column":12},"end":{"line":153,"column":13}}]},"30":{"loc":{"start":{"line":151,"column":16},"end":{"line":151,"column":48}},"type":"binary-expr","locations":[{"start":{"line":151,"column":16},"end":{"line":151,"column":32}},{"start":{"line":151,"column":36},"end":{"line":151,"column":48}}]},"31":{"loc":{"start":{"line":155,"column":12},"end":{"line":157,"column":13}},"type":"if","locations":[{"start":{"line":155,"column":12},"end":{"line":157,"column":13}}]},"32":{"loc":{"start":{"line":165,"column":30},"end":{"line":165,"column":53}},"type":"binary-expr","locations":[{"start":{"line":165,"column":30},"end":{"line":165,"column":46}},{"start":{"line":165,"column":50},"end":{"line":165,"column":53}}]},"33":{"loc":{"start":{"line":167,"column":25},"end":{"line":167,"column":69}},"type":"binary-expr","locations":[{"start":{"line":167,"column":25},"end":{"line":167,"column":38}},{"start":{"line":167,"column":42},"end":{"line":167,"column":69}}]}},"s":{"0":5,"1":5,"2":5,"3":5,"4":5,"5":5,"6":5,"7":40,"8":40,"9":40,"10":4,"11":36,"12":11,"13":11,"14":25,"15":33,"16":33,"17":33,"18":33,"19":0,"20":33,"21":32,"22":32,"23":1,"24":0,"25":0,"26":0,"27":0,"28":0,"29":0,"30":0,"31":0,"32":0,"33":0,"34":0,"35":0,"36":0,"37":0,"38":0,"39":0,"40":0,"41":0,"42":0,"43":0,"44":0,"45":0,"46":1,"47":1,"48":1,"49":0,"50":1,"51":0,"52":0,"53":0,"54":0,"55":0,"56":0,"57":0,"58":0,"59":0,"60":0,"61":0,"62":5},"f":{"0":40,"1":33,"2":0,"3":0,"4":1,"5":0},"b":{"0":[4],"1":[11,0],"2":[11,0],"3":[11,0],"4":[11,0],"5":[11,0],"6":[11,0],"7":[25,0],"8":[25,0],"9":[0],"10":[32,0],"11":[32,0],"12":[32,0],"13":[32,0],"14":[32,0],"15":[32,0],"16":[1,0],"17":[1,0],"18":[0],"19":[0],"20":[0,0],"21":[0,0],"22":[0],"23":[0,0],"24":[0,0],"25":[0,0],"26":[0],"27":[0,0],"28":[0,0],"29":[0],"30":[0,0],"31":[0],"32":[0,0],"33":[0,0]}}
,"/Users/shreetikashrestha/tryinadmin/newdipikamanaged/re-webapibackend/src/controllers/campaign.controller.ts": {"path":"/Users/shreetikashrestha/tryinadmin/newdipikamanaged/re-webapibackend/src/controllers/campaign.controller.ts","statementMap":{"0":{"start":{"line":3,"column":0},"end":{"line":3,"column":57}},"1":{"start":{"line":4,"column":0},"end":{"line":4,"column":63}},"2":{"start":{"line":5,"column":0},"end":{"line":5,"column":65}},"3":{"start":{"line":9,"column":8},"end":{"line":58,"column":9}},"4":{"start":{"line":10,"column":28},"end":{"line":10,"column":48}},"5":{"start":{"line":23,"column":16},"end":{"line":23,"column":24}},"6":{"start":{"line":25,"column":12},"end":{"line":30,"column":13}},"7":{"start":{"line":26,"column":16},"end":{"line":29,"column":19}},"8":{"start":{"line":32,"column":29},"end":{"line":45,"column":14}},"9":{"start":{"line":47,"column":12},"end":{"line":51,"column":15}},"10":{"start":{"line":53,"column":12},"end":{"line":53,"column":61}},"11":{"start":{"line":54,"column":12},"end":{"line":57,"column":15}},"12":{"start":{"line":62,"column":8},"end":{"line":104,"column":9}},"13":{"start":{"line":63,"column":52},"end":{"line":63,"column":61}},"14":{"start":{"line":64,"column":32},"end":{"line":64,"column":34}},"15":{"start":{"line":66,"column":12},"end":{"line":68,"column":13}},"16":{"start":{"line":67,"column":16},"end":{"line":67,"column":39}},"17":{"start":{"line":70,"column":12},"end":{"line":77,"column":13}},"18":{"start":{"line":71,"column":16},"end":{"line":76,"column":18}},"19":{"start":{"line":79,"column":22},"end":{"line":79,"column":51}},"20":{"start":{"line":80,"column":22},"end":{"line":80,"column":53}},"21":{"start":{"line":81,"column":25},"end":{"line":81,"column":36}},"22":{"start":{"line":83,"column":26},"end":{"line":83,"column":68}},"23":{"start":{"line":84,"column":30},"end":{"line":88,"column":25}},"24":{"start":{"line":90,"column":12},"end":{"line":97,"column":15}},"25":{"start":{"line":99,"column":12},"end":{"line":99,"column":62}},"26":{"start":{"line":100,"column":12},"end":{"line":103,"column":15}},"27":{"start":{"line":108,"column":8},"end":{"line":131,"column":9}},"28":{"start":{"line":109,"column":27},"end":{"line":109,"column":37}},"29":{"start":{"line":111,"column":29},"end":{"line":112,"column":56}},"30":{"start":{"line":114,"column":12},"end":{"line":119,"column":13}},"31":{"start":{"line":115,"column":16},"end":{"line":118,"column":19}},"32":{"start":{"line":121,"column":12},"end":{"line":124,"column":15}},"33":{"start":{"line":126,"column":12},"end":{"line":126,"column":61}},"34":{"start":{"line":127,"column":12},"end":{"line":130,"column":15}},"35":{"start":{"line":135,"column":8},"end":{"line":151,"column":9}},"36":{"start":{"line":136,"column":28},"end":{"line":136,"column":48}},"37":{"start":{"line":138,"column":30},"end":{"line":139,"column":40}},"38":{"start":{"line":141,"column":12},"end":{"line":144,"column":15}},"39":{"start":{"line":146,"column":12},"end":{"line":146,"column":67}},"40":{"start":{"line":147,"column":12},"end":{"line":150,"column":15}},"41":{"start":{"line":155,"column":8},"end":{"line":226,"column":9}},"42":{"start":{"line":156,"column":28},"end":{"line":156,"column":48}},"43":{"start":{"line":157,"column":39},"end":{"line":157,"column":49}},"44":{"start":{"line":158,"column":32},"end":{"line":158,"column":40}},"45":{"start":{"line":160,"column":29},"end":{"line":160,"column":69}},"46":{"start":{"line":161,"column":12},"end":{"line":166,"column":13}},"47":{"start":{"line":162,"column":16},"end":{"line":165,"column":19}},"48":{"start":{"line":168,"column":40},"end":{"line":171,"column":14}},"49":{"start":{"line":173,"column":12},"end":{"line":178,"column":13}},"50":{"start":{"line":174,"column":16},"end":{"line":177,"column":19}},"51":{"start":{"line":180,"column":32},"end":{"line":186,"column":14}},"52":{"start":{"line":188,"column":12},"end":{"line":208,"column":13}},"53":{"start":{"line":189,"column":36},"end":{"line":189,"column":52}},"54":{"start":{"line":190,"column":16},"end":{"line":205,"column":19}},"55":{"start":{"line":207,"column":16},"end":{"line":207,"column":76}},"56":{"start":{"line":210,"column":12},"end":{"line":213,"column":14}},"57":{"start":{"line":215,"column":12},"end":{"line":219,"column":15}},"58":{"start":{"line":221,"column":12},"end":{"line":221,"column":64}},"59":{"start":{"line":222,"column":12},"end":{"line":225,"column":15}},"60":{"start":{"line":230,"column":8},"end":{"line":267,"column":9}},"61":{"start":{"line":231,"column":28},"end":{"line":231,"column":48}},"62":{"start":{"line":232,"column":27},"end":{"line":232,"column":37}},"63":{"start":{"line":234,"column":29},"end":{"line":234,"column":61}},"64":{"start":{"line":236,"column":12},"end":{"line":241,"column":13}},"65":{"start":{"line":237,"column":16},"end":{"line":240,"column":19}},"66":{"start":{"line":243,"column":12},"end":{"line":248,"column":13}},"67":{"start":{"line":244,"column":16},"end":{"line":247,"column":19}},"68":{"start":{"line":250,"column":36},"end":{"line":253,"column":null}},"69":{"start":{"line":256,"column":12},"end":{"line":260,"column":15}},"70":{"start":{"line":262,"column":12},"end":{"line":262,"column":61}},"71":{"start":{"line":263,"column":12},"end":{"line":266,"column":15}},"72":{"start":{"line":271,"column":8},"end":{"line":327,"column":9}},"73":{"start":{"line":272,"column":28},"end":{"line":272,"column":48}},"74":{"start":{"line":274,"column":30},"end":{"line":274,"column":84}},"75":{"start":{"line":276,"column":35},"end":{"line":276,"column":51}},"76":{"start":{"line":277,"column":36},"end":{"line":277,"column":87}},"77":{"start":{"line":277,"column":58},"end":{"line":277,"column":79}},"78":{"start":{"line":278,"column":41},"end":{"line":278,"column":98}},"79":{"start":{"line":278,"column":70},"end":{"line":278,"column":94}},"80":{"start":{"line":279,"column":36},"end":{"line":279,"column":99}},"81":{"start":{"line":279,"column":65},"end":{"line":279,"column":95}},"82":{"start":{"line":281,"column":32},"end":{"line":281,"column":57}},"83":{"start":{"line":281,"column":51},"end":{"line":281,"column":56}},"84":{"start":{"line":282,"column":34},"end":{"line":285,"column":14}},"85":{"start":{"line":287,"column":56},"end":{"line":287,"column":58}},"86":{"start":{"line":288,"column":12},"end":{"line":291,"column":13}},"87":{"start":{"line":289,"column":28},"end":{"line":289,"column":51}},"88":{"start":{"line":290,"column":16},"end":{"line":290,"column":63}},"89":{"start":{"line":292,"column":40},"end":{"line":292,"column":109}},"90":{"start":{"line":292,"column":92},"end":{"line":292,"column":107}},"91":{"start":{"line":294,"column":36},"end":{"line":307,"column":26}},"92":{"start":{"line":295,"column":32},"end":{"line":295,"column":97}},"93":{"start":{"line":297,"column":27},"end":{"line":306,"column":18}},"94":{"start":{"line":309,"column":12},"end":{"line":320,"column":15}},"95":{"start":{"line":322,"column":12},"end":{"line":322,"column":64}},"96":{"start":{"line":323,"column":12},"end":{"line":326,"column":15}},"97":{"start":{"line":7,"column":0},"end":{"line":7,"column":13}}},"fnMap":{"0":{"name":"(anonymous_0)","decl":{"start":{"line":8,"column":4},"end":{"line":8,"column":9}},"loc":{"start":{"line":8,"column":52},"end":{"line":59,"column":5}}},"1":{"name":"(anonymous_1)","decl":{"start":{"line":61,"column":4},"end":{"line":61,"column":9}},"loc":{"start":{"line":61,"column":50},"end":{"line":105,"column":5}}},"2":{"name":"(anonymous_2)","decl":{"start":{"line":107,"column":4},"end":{"line":107,"column":9}},"loc":{"start":{"line":107,"column":53},"end":{"line":132,"column":5}}},"3":{"name":"(anonymous_3)","decl":{"start":{"line":134,"column":4},"end":{"line":134,"column":9}},"loc":{"start":{"line":134,"column":54},"end":{"line":152,"column":5}}},"4":{"name":"(anonymous_4)","decl":{"start":{"line":154,"column":4},"end":{"line":154,"column":9}},"loc":{"start":{"line":154,"column":50},"end":{"line":227,"column":5}}},"5":{"name":"(anonymous_5)","decl":{"start":{"line":229,"column":4},"end":{"line":229,"column":9}},"loc":{"start":{"line":229,"column":52},"end":{"line":268,"column":5}}},"6":{"name":"(anonymous_6)","decl":{"start":{"line":270,"column":4},"end":{"line":270,"column":9}},"loc":{"start":{"line":270,"column":51},"end":{"line":328,"column":5}}},"7":{"name":"(anonymous_7)","decl":{"start":{"line":277,"column":53},"end":{"line":277,"column":54}},"loc":{"start":{"line":277,"column":58},"end":{"line":277,"column":79}}},"8":{"name":"(anonymous_8)","decl":{"start":{"line":278,"column":58},"end":{"line":278,"column":59}},"loc":{"start":{"line":278,"column":70},"end":{"line":278,"column":94}}},"9":{"name":"(anonymous_9)","decl":{"start":{"line":279,"column":53},"end":{"line":279,"column":54}},"loc":{"start":{"line":279,"column":65},"end":{"line":279,"column":95}}},"10":{"name":"(anonymous_10)","decl":{"start":{"line":281,"column":46},"end":{"line":281,"column":47}},"loc":{"start":{"line":281,"column":51},"end":{"line":281,"column":56}}},"11":{"name":"(anonymous_11)","decl":{"start":{"line":292,"column":72},"end":{"line":292,"column":73}},"loc":{"start":{"line":292,"column":92},"end":{"line":292,"column":107}}},"12":{"name":"(anonymous_12)","decl":{"start":{"line":295,"column":22},"end":{"line":295,"column":23}},"loc":{"start":{"line":295,"column":32},"end":{"line":295,"column":97}}},"13":{"name":"(anonymous_13)","decl":{"start":{"line":297,"column":21},"end":{"line":297,"column":22}},"loc":{"start":{"line":297,"column":27},"end":{"line":306,"column":18}}}},"branchMap":{"0":{"loc":{"start":{"line":25,"column":12},"end":{"line":30,"column":13}},"type":"if","locations":[{"start":{"line":25,"column":12},"end":{"line":30,"column":13}}]},"1":{"loc":{"start":{"line":25,"column":16},"end":{"line":25,"column":119}},"type":"binary-expr","locations":[{"start":{"line":25,"column":16},"end":{"line":25,"column":22}},{"start":{"line":25,"column":26},"end":{"line":25,"column":38}},{"start":{"line":25,"column":42},"end":{"line":25,"column":52}},{"start":{"line":25,"column":56},"end":{"line":25,"column":65}},{"start":{"line":25,"column":69},"end":{"line":25,"column":79}},{"start":{"line":25,"column":83},"end":{"line":25,"column":93}},{"start":{"line":25,"column":97},"end":{"line":25,"column":106}},{"start":{"line":25,"column":110},"end":{"line":25,"column":119}}]},"2":{"loc":{"start":{"line":41,"column":30},"end":{"line":41,"column":48}},"type":"binary-expr","locations":[{"start":{"line":41,"column":30},"end":{"line":41,"column":42}},{"start":{"line":41,"column":46},"end":{"line":41,"column":48}}]},"3":{"loc":{"start":{"line":42,"column":30},"end":{"line":42,"column":48}},"type":"binary-expr","locations":[{"start":{"line":42,"column":30},"end":{"line":42,"column":42}},{"start":{"line":42,"column":46},"end":{"line":42,"column":48}}]},"4":{"loc":{"start":{"line":56,"column":25},"end":{"line":56,"column":69}},"type":"binary-expr","locations":[{"start":{"line":56,"column":25},"end":{"line":56,"column":38}},{"start":{"line":56,"column":42},"end":{"line":56,"column":69}}]},"5":{"loc":{"start":{"line":66,"column":12},"end":{"line":68,"column":13}},"type":"if","locations":[{"start":{"line":66,"column":12},"end":{"line":68,"column":13}}]},"6":{"loc":{"start":{"line":70,"column":12},"end":{"line":77,"column":13}},"type":"if","locations":[{"start":{"line":70,"column":12},"end":{"line":77,"column":13}}]},"7":{"loc":{"start":{"line":79,"column":22},"end":{"line":79,"column":51}},"type":"binary-expr","locations":[{"start":{"line":79,"column":22},"end":{"line":79,"column":46}},{"start":{"line":79,"column":50},"end":{"line":79,"column":51}}]},"8":{"loc":{"start":{"line":80,"column":22},"end":{"line":80,"column":53}},"type":"binary-expr","locations":[{"start":{"line":80,"column":22},"end":{"line":80,"column":47}},{"start":{"line":80,"column":51},"end":{"line":80,"column":53}}]},"9":{"loc":{"start":{"line":102,"column":25},"end":{"line":102,"column":69}},"type":"binary-expr","locations":[{"start":{"line":102,"column":25},"end":{"line":102,"column":38}},{"start":{"line":102,"column":42},"end":{"line":102,"column":69}}]},"10":{"loc":{"start":{"line":114,"column":12},"end":{"line":119,"column":13}},"type":"if","locations":[{"start":{"line":114,"column":12},"end":{"line":119,"column":13}}]},"11":{"loc":{"start":{"line":129,"column":25},"end":{"line":129,"column":68}},"type":"binary-expr","locations":[{"start":{"line":129,"column":25},"end":{"line":129,"column":38}},{"start":{"line":129,"column":42},"end":{"line":129,"column":68}}]},"12":{"loc":{"start":{"line":149,"column":25},"end":{"line":149,"column":69}},"type":"binary-expr","locations":[{"start":{"line":149,"column":25},"end":{"line":149,"column":38}},{"start":{"line":149,"column":42},"end":{"line":149,"column":69}}]},"13":{"loc":{"start":{"line":161,"column":12},"end":{"line":166,"column":13}},"type":"if","locations":[{"start":{"line":161,"column":12},"end":{"line":166,"column":13}}]},"14":{"loc":{"start":{"line":173,"column":12},"end":{"line":178,"column":13}},"type":"if","locations":[{"start":{"line":173,"column":12},"end":{"line":178,"column":13}}]},"15":{"loc":{"start":{"line":184,"column":33},"end":{"line":184,"column":46}},"type":"binary-expr","locations":[{"start":{"line":184,"column":33},"end":{"line":184,"column":40}},{"start":{"line":184,"column":44},"end":{"line":184,"column":46}}]},"16":{"loc":{"start":{"line":195,"column":32},"end":{"line":195,"column":70}},"type":"binary-expr","locations":[{"start":{"line":195,"column":32},"end":{"line":195,"column":51}},{"start":{"line":195,"column":55},"end":{"line":195,"column":70}}]},"17":{"loc":{"start":{"line":224,"column":25},"end":{"line":224,"column":71}},"type":"binary-expr","locations":[{"start":{"line":224,"column":25},"end":{"line":224,"column":38}},{"start":{"line":224,"column":42},"end":{"line":224,"column":71}}]},"18":{"loc":{"start":{"line":236,"column":12},"end":{"line":241,"column":13}},"type":"if","locations":[{"start":{"line":236,"column":12},"end":{"line":241,"column":13}}]},"19":{"loc":{"start":{"line":243,"column":12},"end":{"line":248,"column":13}},"type":"if","locations":[{"start":{"line":243,"column":12},"end":{"line":248,"column":13}}]},"20":{"loc":{"start":{"line":265,"column":25},"end":{"line":265,"column":69}},"type":"binary-expr","locations":[{"start":{"line":265,"column":25},"end":{"line":265,"column":38}},{"start":{"line":265,"column":42},"end":{"line":265,"column":69}}]},"21":{"loc":{"start":{"line":278,"column":77},"end":{"line":278,"column":93}},"type":"binary-expr","locations":[{"start":{"line":278,"column":77},"end":{"line":278,"column":88}},{"start":{"line":278,"column":92},"end":{"line":278,"column":93}}]},"22":{"loc":{"start":{"line":279,"column":72},"end":{"line":279,"column":94}},"type":"binary-expr","locations":[{"start":{"line":279,"column":72},"end":{"line":279,"column":89}},{"start":{"line":279,"column":93},"end":{"line":279,"column":94}}]},"23":{"loc":{"start":{"line":289,"column":28},"end":{"line":289,"column":51}},"type":"binary-expr","locations":[{"start":{"line":289,"column":28},"end":{"line":289,"column":38}},{"start":{"line":289,"column":42},"end":{"line":289,"column":51}}]},"24":{"loc":{"start":{"line":290,"column":36},"end":{"line":290,"column":57}},"type":"binary-expr","locations":[{"start":{"line":290,"column":36},"end":{"line":290,"column":52}},{"start":{"line":290,"column":56},"end":{"line":290,"column":57}}]},"25":{"loc":{"start":{"line":301,"column":31},"end":{"line":301,"column":47}},"type":"binary-expr","locations":[{"start":{"line":301,"column":31},"end":{"line":301,"column":42}},{"start":{"line":301,"column":46},"end":{"line":301,"column":47}}]},"26":{"loc":{"start":{"line":302,"column":31},"end":{"line":302,"column":47}},"type":"binary-expr","locations":[{"start":{"line":302,"column":31},"end":{"line":302,"column":42}},{"start":{"line":302,"column":46},"end":{"line":302,"column":47}}]},"27":{"loc":{"start":{"line":303,"column":37},"end":{"line":303,"column":59}},"type":"binary-expr","locations":[{"start":{"line":303,"column":37},"end":{"line":303,"column":54}},{"start":{"line":303,"column":58},"end":{"line":303,"column":59}}]},"28":{"loc":{"start":{"line":325,"column":25},"end":{"line":325,"column":71}},"type":"binary-expr","locations":[{"start":{"line":325,"column":25},"end":{"line":325,"column":38}},{"start":{"line":325,"column":42},"end":{"line":325,"column":71}}]}},"s":{"0":5,"1":5,"2":5,"3":11,"4":11,"5":11,"6":11,"7":0,"8":11,"9":11,"10":0,"11":0,"12":5,"13":5,"14":5,"15":5,"16":0,"17":5,"18":2,"19":5,"20":5,"21":5,"22":5,"23":5,"24":5,"25":0,"26":0,"27":1,"28":1,"29":1,"30":1,"31":0,"32":1,"33":0,"34":0,"35":0,"36":0,"37":0,"38":0,"39":0,"40":0,"41":1,"42":1,"43":1,"44":1,"45":1,"46":1,"47":0,"48":1,"49":1,"50":0,"51":1,"52":1,"53":1,"54":1,"55":0,"56":1,"57":1,"58":0,"59":0,"60":2,"61":2,"62":2,"63":2,"64":2,"65":0,"66":2,"67":1,"68":1,"69":1,"70":0,"71":0,"72":0,"73":0,"74":0,"75":0,"76":0,"77":0,"78":0,"79":0,"80":0,"81":0,"82":0,"83":0,"84":0,"85":0,"86":0,"87":0,"88":0,"89":0,"90":0,"91":0,"92":0,"93":0,"94":0,"95":0,"96":0,"97":5},"f":{"0":11,"1":5,"2":1,"3":0,"4":1,"5":2,"6":0,"7":0,"8":0,"9":0,"10":0,"11":0,"12":0,"13":0},"b":{"0":[0],"1":[11,11,11,11,11,11,11,11],"2":[11,0],"3":[11,11],"4":[0,0],"5":[0],"6":[2],"7":[5,5],"8":[5,5],"9":[0,0],"10":[0],"11":[0,0],"12":[0,0],"13":[0],"14":[0],"15":[1,0],"16":[1,0],"17":[0,0],"18":[0],"19":[1],"20":[0,0],"21":[0,0],"22":[0,0],"23":[0,0],"24":[0,0],"25":[0,0],"26":[0,0],"27":[0,0],"28":[0,0]}}
,"/Users/shreetikashrestha/tryinadmin/newdipikamanaged/re-webapibackend/src/controllers/messaging.controller.ts": {"path":"/Users/shreetikashrestha/tryinadmin/newdipikamanaged/re-webapibackend/src/controllers/messaging.controller.ts","statementMap":{"0":{"start":{"line":2,"column":0},"end":{"line":2,"column":65}},"1":{"start":{"line":3,"column":0},"end":{"line":3,"column":55}},"2":{"start":{"line":4,"column":0},"end":{"line":4,"column":49}},"3":{"start":{"line":6,"column":13},"end":{"line":169,"column":2}},"4":{"start":{"line":8,"column":8},"end":{"line":19,"column":9}},"5":{"start":{"line":9,"column":34},"end":{"line":14,"column":40}},"6":{"start":{"line":16,"column":12},"end":{"line":16,"column":67}},"7":{"start":{"line":18,"column":12},"end":{"line":18,"column":77}},"8":{"start":{"line":23,"column":8},"end":{"line":32,"column":9}},"9":{"start":{"line":24,"column":39},"end":{"line":24,"column":49}},"10":{"start":{"line":25,"column":29},"end":{"line":27,"column":39}},"11":{"start":{"line":29,"column":12},"end":{"line":29,"column":62}},"12":{"start":{"line":31,"column":12},"end":{"line":31,"column":77}},"13":{"start":{"line":36,"column":8},"end":{"line":123,"column":9}},"14":{"start":{"line":37,"column":72},"end":{"line":37,"column":80}},"15":{"start":{"line":38,"column":41},"end":{"line":38,"column":55}},"16":{"start":{"line":40,"column":32},"end":{"line":50,"column":19}},"17":{"start":{"line":41,"column":33},"end":{"line":42,"column":88}},"18":{"start":{"line":44,"column":16},"end":{"line":49,"column":18}},"19":{"start":{"line":52,"column":12},"end":{"line":54,"column":13}},"20":{"start":{"line":53,"column":16},"end":{"line":53,"column":117}},"21":{"start":{"line":56,"column":12},"end":{"line":83,"column":13}},"22":{"start":{"line":57,"column":35},"end":{"line":60,"column":18}},"23":{"start":{"line":62,"column":16},"end":{"line":81,"column":17}},"24":{"start":{"line":63,"column":37},"end":{"line":63,"column":73}},"25":{"start":{"line":64,"column":20},"end":{"line":66,"column":21}},"26":{"start":{"line":65,"column":24},"end":{"line":65,"column":103}},"27":{"start":{"line":68,"column":20},"end":{"line":80,"column":23}},"28":{"start":{"line":82,"column":16},"end":{"line":82,"column":58}},"29":{"start":{"line":85,"column":12},"end":{"line":87,"column":13}},"30":{"start":{"line":86,"column":16},"end":{"line":86,"column":124}},"31":{"start":{"line":89,"column":28},"end":{"line":95,"column":14}},"32":{"start":{"line":97,"column":37},"end":{"line":98,"column":68}},"33":{"start":{"line":100,"column":33},"end":{"line":100,"column":89}},"34":{"start":{"line":101,"column":37},"end":{"line":102,"column":null}},"35":{"start":{"line":102,"column":28},"end":{"line":102,"column":73}},"36":{"start":{"line":105,"column":12},"end":{"line":114,"column":13}},"37":{"start":{"line":106,"column":16},"end":{"line":109,"column":19}},"38":{"start":{"line":111,"column":16},"end":{"line":113,"column":19}},"39":{"start":{"line":116,"column":12},"end":{"line":118,"column":13}},"40":{"start":{"line":117,"column":16},"end":{"line":117,"column":99}},"41":{"start":{"line":120,"column":12},"end":{"line":120,"column":79}},"42":{"start":{"line":122,"column":12},"end":{"line":122,"column":77}},"43":{"start":{"line":127,"column":8},"end":{"line":147,"column":9}},"44":{"start":{"line":128,"column":39},"end":{"line":128,"column":49}},"45":{"start":{"line":129,"column":27},"end":{"line":129,"column":39}},"46":{"start":{"line":131,"column":12},"end":{"line":134,"column":14}},"47":{"start":{"line":136,"column":12},"end":{"line":138,"column":15}},"48":{"start":{"line":140,"column":12},"end":{"line":142,"column":13}},"49":{"start":{"line":141,"column":16},"end":{"line":141,"column":92}},"50":{"start":{"line":144,"column":12},"end":{"line":144,"column":92}},"51":{"start":{"line":146,"column":12},"end":{"line":146,"column":77}},"52":{"start":{"line":151,"column":8},"end":{"line":167,"column":9}},"53":{"start":{"line":152,"column":34},"end":{"line":152,"column":44}},"54":{"start":{"line":153,"column":28},"end":{"line":156,"column":29}},"55":{"start":{"line":158,"column":12},"end":{"line":162,"column":13}},"56":{"start":{"line":159,"column":16},"end":{"line":161,"column":19}},"57":{"start":{"line":164,"column":12},"end":{"line":164,"column":61}},"58":{"start":{"line":166,"column":12},"end":{"line":166,"column":77}}},"fnMap":{"0":{"name":"(anonymous_0)","decl":{"start":{"line":7,"column":22},"end":{"line":7,"column":27}},"loc":{"start":{"line":7,"column":56},"end":{"line":20,"column":5}}},"1":{"name":"(anonymous_1)","decl":{"start":{"line":22,"column":17},"end":{"line":22,"column":22}},"loc":{"start":{"line":22,"column":55},"end":{"line":33,"column":5}}},"2":{"name":"(anonymous_2)","decl":{"start":{"line":35,"column":17},"end":{"line":35,"column":22}},"loc":{"start":{"line":35,"column":51},"end":{"line":124,"column":5}}},"3":{"name":"(anonymous_3)","decl":{"start":{"line":40,"column":85},"end":{"line":40,"column":86}},"loc":{"start":{"line":40,"column":115},"end":{"line":50,"column":13}}},"4":{"name":"(anonymous_4)","decl":{"start":{"line":102,"column":16},"end":{"line":102,"column":17}},"loc":{"start":{"line":102,"column":28},"end":{"line":102,"column":73}}},"5":{"name":"(anonymous_5)","decl":{"start":{"line":126,"column":28},"end":{"line":126,"column":33}},"loc":{"start":{"line":126,"column":62},"end":{"line":148,"column":5}}},"6":{"name":"(anonymous_6)","decl":{"start":{"line":150,"column":16},"end":{"line":150,"column":21}},"loc":{"start":{"line":150,"column":50},"end":{"line":168,"column":5}}}},"branchMap":{"0":{"loc":{"start":{"line":40,"column":32},"end":{"line":50,"column":19}},"type":"cond-expr","locations":[{"start":{"line":40,"column":45},"end":{"line":50,"column":14}},{"start":{"line":50,"column":17},"end":{"line":50,"column":19}}]},"1":{"loc":{"start":{"line":41,"column":33},"end":{"line":42,"column":88}},"type":"cond-expr","locations":[{"start":{"line":41,"column":70},"end":{"line":41,"column":77}},{"start":{"line":42,"column":31},"end":{"line":42,"column":88}}]},"2":{"loc":{"start":{"line":42,"column":31},"end":{"line":42,"column":88}},"type":"cond-expr","locations":[{"start":{"line":42,"column":68},"end":{"line":42,"column":75}},{"start":{"line":42,"column":78},"end":{"line":42,"column":88}}]},"3":{"loc":{"start":{"line":52,"column":12},"end":{"line":54,"column":13}},"type":"if","locations":[{"start":{"line":52,"column":12},"end":{"line":54,"column":13}}]},"4":{"loc":{"start":{"line":52,"column":16},"end":{"line":52,"column":60}},"type":"binary-expr","locations":[{"start":{"line":52,"column":16},"end":{"line":52,"column":32}},{"start":{"line":52,"column":36},"end":{"line":52,"column":60}}]},"5":{"loc":{"start":{"line":56,"column":12},"end":{"line":83,"column":13}},"type":"if","locations":[{"start":{"line":56,"column":12},"end":{"line":83,"column":13}}]},"6":{"loc":{"start":{"line":56,"column":16},"end":{"line":56,"column":53}},"type":"binary-expr","locations":[{"start":{"line":56,"column":16},"end":{"line":56,"column":39}},{"start":{"line":56,"column":43},"end":{"line":56,"column":53}}]},"7":{"loc":{"start":{"line":59,"column":32},"end":{"line":59,"column":50}},"type":"binary-expr","locations":[{"start":{"line":59,"column":32},"end":{"line":59,"column":42}},{"start":{"line":59,"column":46},"end":{"line":59,"column":50}}]},"8":{"loc":{"start":{"line":62,"column":16},"end":{"line":81,"column":17}},"type":"if","locations":[{"start":{"line":62,"column":16},"end":{"line":81,"column":17}}]},"9":{"loc":{"start":{"line":64,"column":20},"end":{"line":66,"column":21}},"type":"if","locations":[{"start":{"line":64,"column":20},"end":{"line":66,"column":21}}]},"10":{"loc":{"start":{"line":72,"column":38},"end":{"line":72,"column":124}},"type":"cond-expr","locations":[{"start":{"line":72,"column":62},"end":{"line":72,"column":74}},{"start":{"line":72,"column":78},"end":{"line":72,"column":123}}]},"11":{"loc":{"start":{"line":72,"column":78},"end":{"line":72,"column":123}},"type":"cond-expr","locations":[{"start":{"line":72,"column":106},"end":{"line":72,"column":113}},{"start":{"line":72,"column":116},"end":{"line":72,"column":123}}]},"12":{"loc":{"start":{"line":76,"column":38},"end":{"line":76,"column":124}},"type":"cond-expr","locations":[{"start":{"line":76,"column":62},"end":{"line":76,"column":74}},{"start":{"line":76,"column":78},"end":{"line":76,"column":123}}]},"13":{"loc":{"start":{"line":76,"column":78},"end":{"line":76,"column":123}},"type":"cond-expr","locations":[{"start":{"line":76,"column":106},"end":{"line":76,"column":113}},{"start":{"line":76,"column":116},"end":{"line":76,"column":123}}]},"14":{"loc":{"start":{"line":79,"column":36},"end":{"line":79,"column":54}},"type":"binary-expr","locations":[{"start":{"line":79,"column":36},"end":{"line":79,"column":46}},{"start":{"line":79,"column":50},"end":{"line":79,"column":54}}]},"15":{"loc":{"start":{"line":85,"column":12},"end":{"line":87,"column":13}},"type":"if","locations":[{"start":{"line":85,"column":12},"end":{"line":87,"column":13}}]},"16":{"loc":{"start":{"line":92,"column":28},"end":{"line":92,"column":114}},"type":"cond-expr","locations":[{"start":{"line":92,"column":52},"end":{"line":92,"column":64}},{"start":{"line":92,"column":68},"end":{"line":92,"column":113}}]},"17":{"loc":{"start":{"line":92,"column":68},"end":{"line":92,"column":113}},"type":"cond-expr","locations":[{"start":{"line":92,"column":96},"end":{"line":92,"column":103}},{"start":{"line":92,"column":106},"end":{"line":92,"column":113}}]},"18":{"loc":{"start":{"line":93,"column":25},"end":{"line":93,"column":38}},"type":"binary-expr","locations":[{"start":{"line":93,"column":25},"end":{"line":93,"column":32}},{"start":{"line":93,"column":36},"end":{"line":93,"column":38}}]},"19":{"loc":{"start":{"line":105,"column":12},"end":{"line":114,"column":13}},"type":"if","locations":[{"start":{"line":105,"column":12},"end":{"line":114,"column":13}},{"start":{"line":110,"column":19},"end":{"line":114,"column":13}}]},"20":{"loc":{"start":{"line":116,"column":12},"end":{"line":118,"column":13}},"type":"if","locations":[{"start":{"line":116,"column":12},"end":{"line":118,"column":13}}]},"21":{"loc":{"start":{"line":140,"column":12},"end":{"line":142,"column":13}},"type":"if","locations":[{"start":{"line":140,"column":12},"end":{"line":142,"column":13}}]},"22":{"loc":{"start":{"line":158,"column":12},"end":{"line":162,"column":13}},"type":"if","locations":[{"start":{"line":158,"column":12},"end":{"line":162,"column":13}}]}},"s":{"0":5,"1":5,"2":5,"3":5,"4":0,"5":0,"6":0,"7":0,"8":0,"9":0,"10":0,"11":0,"12":0,"13":0,"14":0,"15":0,"16":0,"17":0,"18":0,"19":0,"20":0,"21":0,"22":0,"23":0,"24":0,"25":0,"26":0,"27":0,"28":0,"29":0,"30":0,"31":0,"32":0,"33":0,"34":0,"35":0,"36":0,"37":0,"38":0,"39":0,"40":0,"41":0,"42":0,"43":0,"44":0,"45":0,"46":0,"47":0,"48":0,"49":0,"50":0,"51":0,"52":0,"53":0,"54":0,"55":0,"56":0,"57":0,"58":0},"f":{"0":0,"1":0,"2":0,"3":0,"4":0,"5":0,"6":0},"b":{"0":[0,0],"1":[0,0],"2":[0,0],"3":[0],"4":[0,0],"5":[0],"6":[0,0],"7":[0,0],"8":[0],"9":[0],"10":[0,0],"11":[0,0],"12":[0,0],"13":[0,0],"14":[0,0],"15":[0],"16":[0,0],"17":[0,0],"18":[0,0],"19":[0,0],"20":[0],"21":[0],"22":[0]}}
,"/Users/shreetikashrestha/tryinadmin/newdipikamanaged/re-webapibackend/src/controllers/notification.controller.ts": {"path":"/Users/shreetikashrestha/tryinadmin/newdipikamanaged/re-webapibackend/src/controllers/notification.controller.ts","statementMap":{"0":{"start":{"line":2,"column":0},"end":{"line":2,"column":65}},"1":{"start":{"line":4,"column":13},"end":{"line":74,"column":2}},"2":{"start":{"line":6,"column":8},"end":{"line":14,"column":9}},"3":{"start":{"line":7,"column":34},"end":{"line":9,"column":26}},"4":{"start":{"line":11,"column":12},"end":{"line":11,"column":67}},"5":{"start":{"line":13,"column":12},"end":{"line":13,"column":77}},"6":{"start":{"line":18,"column":8},"end":{"line":27,"column":9}},"7":{"start":{"line":19,"column":26},"end":{"line":22,"column":14}},"8":{"start":{"line":24,"column":12},"end":{"line":24,"column":59}},"9":{"start":{"line":26,"column":12},"end":{"line":26,"column":77}},"10":{"start":{"line":31,"column":8},"end":{"line":41,"column":9}},"11":{"start":{"line":32,"column":39},"end":{"line":32,"column":49}},"12":{"start":{"line":33,"column":33},"end":{"line":36,"column":29}},"13":{"start":{"line":38,"column":12},"end":{"line":38,"column":66}},"14":{"start":{"line":40,"column":12},"end":{"line":40,"column":77}},"15":{"start":{"line":45,"column":8},"end":{"line":57,"column":9}},"16":{"start":{"line":46,"column":12},"end":{"line":52,"column":15}},"17":{"start":{"line":54,"column":12},"end":{"line":54,"column":97}},"18":{"start":{"line":56,"column":12},"end":{"line":56,"column":77}},"19":{"start":{"line":61,"column":8},"end":{"line":72,"column":9}},"20":{"start":{"line":62,"column":39},"end":{"line":62,"column":49}},"21":{"start":{"line":63,"column":33},"end":{"line":63,"column":90}},"22":{"start":{"line":65,"column":12},"end":{"line":67,"column":13}},"23":{"start":{"line":66,"column":16},"end":{"line":66,"column":99}},"24":{"start":{"line":69,"column":12},"end":{"line":69,"column":85}},"25":{"start":{"line":71,"column":12},"end":{"line":71,"column":77}}},"fnMap":{"0":{"name":"(anonymous_0)","decl":{"start":{"line":5,"column":22},"end":{"line":5,"column":27}},"loc":{"start":{"line":5,"column":56},"end":{"line":15,"column":5}}},"1":{"name":"(anonymous_1)","decl":{"start":{"line":17,"column":20},"end":{"line":17,"column":25}},"loc":{"start":{"line":17,"column":54},"end":{"line":28,"column":5}}},"2":{"name":"(anonymous_2)","decl":{"start":{"line":30,"column":16},"end":{"line":30,"column":21}},"loc":{"start":{"line":30,"column":54},"end":{"line":42,"column":5}}},"3":{"name":"(anonymous_3)","decl":{"start":{"line":44,"column":17},"end":{"line":44,"column":22}},"loc":{"start":{"line":44,"column":51},"end":{"line":58,"column":5}}},"4":{"name":"(anonymous_4)","decl":{"start":{"line":60,"column":24},"end":{"line":60,"column":29}},"loc":{"start":{"line":60,"column":62},"end":{"line":73,"column":5}}}},"branchMap":{"0":{"loc":{"start":{"line":65,"column":12},"end":{"line":67,"column":13}},"type":"if","locations":[{"start":{"line":65,"column":12},"end":{"line":67,"column":13}}]}},"s":{"0":5,"1":5,"2":3,"3":3,"4":3,"5":0,"6":1,"7":1,"8":1,"9":0,"10":3,"11":3,"12":3,"13":3,"14":0,"15":1,"16":1,"17":1,"18":0,"19":3,"20":3,"21":3,"22":3,"23":1,"24":2,"25":0},"f":{"0":3,"1":1,"2":3,"3":1,"4":3},"b":{"0":[1]}}
,"/Users/shreetikashrestha/tryinadmin/newdipikamanaged/re-webapibackend/src/controllers/payment.controller.ts": {"path":"/Users/shreetikashrestha/tryinadmin/newdipikamanaged/re-webapibackend/src/controllers/payment.controller.ts","statementMap":{"0":{"start":{"line":2,"column":0},"end":{"line":2,"column":54}},"1":{"start":{"line":3,"column":0},"end":{"line":3,"column":69}},"2":{"start":{"line":4,"column":0},"end":{"line":4,"column":32}},"3":{"start":{"line":6,"column":35},"end":{"line":41,"column":1}},"4":{"start":{"line":7,"column":4},"end":{"line":40,"column":5}},"5":{"start":{"line":8,"column":39},"end":{"line":8,"column":47}},"6":{"start":{"line":9,"column":24},"end":{"line":9,"column":35}},"7":{"start":{"line":11,"column":25},"end":{"line":11,"column":60}},"8":{"start":{"line":12,"column":8},"end":{"line":14,"column":9}},"9":{"start":{"line":13,"column":12},"end":{"line":13,"column":91}},"10":{"start":{"line":16,"column":28},"end":{"line":16,"column":41}},"11":{"start":{"line":17,"column":26},"end":{"line":17,"column":46}},"12":{"start":{"line":19,"column":28},"end":{"line":29,"column":10}},"13":{"start":{"line":31,"column":8},"end":{"line":31,"column":33}},"14":{"start":{"line":33,"column":8},"end":{"line":37,"column":11}},"15":{"start":{"line":39,"column":8},"end":{"line":39,"column":73}},"16":{"start":{"line":6,"column":13},"end":{"line":6,"column":35}},"17":{"start":{"line":43,"column":31},"end":{"line":54,"column":1}},"18":{"start":{"line":44,"column":4},"end":{"line":53,"column":5}},"19":{"start":{"line":45,"column":29},"end":{"line":48,"column":36}},"20":{"start":{"line":50,"column":8},"end":{"line":50,"column":62}},"21":{"start":{"line":52,"column":8},"end":{"line":52,"column":73}},"22":{"start":{"line":43,"column":13},"end":{"line":43,"column":31}},"23":{"start":{"line":56,"column":35},"end":{"line":76,"column":1}},"24":{"start":{"line":57,"column":4},"end":{"line":75,"column":5}},"25":{"start":{"line":58,"column":22},"end":{"line":67,"column":10}},"26":{"start":{"line":69,"column":8},"end":{"line":72,"column":11}},"27":{"start":{"line":74,"column":8},"end":{"line":74,"column":73}},"28":{"start":{"line":56,"column":13},"end":{"line":56,"column":35}},"29":{"start":{"line":78,"column":33},"end":{"line":93,"column":1}},"30":{"start":{"line":79,"column":4},"end":{"line":92,"column":5}},"31":{"start":{"line":80,"column":23},"end":{"line":80,"column":34}},"32":{"start":{"line":81,"column":29},"end":{"line":87,"column":36}},"33":{"start":{"line":89,"column":8},"end":{"line":89,"column":62}},"34":{"start":{"line":91,"column":8},"end":{"line":91,"column":73}},"35":{"start":{"line":78,"column":13},"end":{"line":78,"column":33}},"36":{"start":{"line":95,"column":32},"end":{"line":121,"column":1}},"37":{"start":{"line":96,"column":4},"end":{"line":120,"column":5}},"38":{"start":{"line":97,"column":23},"end":{"line":97,"column":34}},"39":{"start":{"line":98,"column":28},"end":{"line":101,"column":10}},"40":{"start":{"line":102,"column":30},"end":{"line":102,"column":79}},"41":{"start":{"line":104,"column":31},"end":{"line":107,"column":10}},"42":{"start":{"line":108,"column":33},"end":{"line":108,"column":88}},"43":{"start":{"line":109,"column":31},"end":{"line":109,"column":63}},"44":{"start":{"line":111,"column":34},"end":{"line":114,"column":10}},"45":{"start":{"line":115,"column":31},"end":{"line":115,"column":92}},"46":{"start":{"line":117,"column":8},"end":{"line":117,"column":123}},"47":{"start":{"line":119,"column":8},"end":{"line":119,"column":73}},"48":{"start":{"line":95,"column":13},"end":{"line":95,"column":32}},"49":{"start":{"line":123,"column":29},"end":{"line":161,"column":1}},"50":{"start":{"line":124,"column":4},"end":{"line":160,"column":5}},"51":{"start":{"line":125,"column":23},"end":{"line":125,"column":34}},"52":{"start":{"line":126,"column":35},"end":{"line":126,"column":43}},"53":{"start":{"line":128,"column":8},"end":{"line":128,"column":111}},"54":{"start":{"line":128,"column":36},"end":{"line":128,"column":111}},"55":{"start":{"line":130,"column":28},"end":{"line":133,"column":10}},"56":{"start":{"line":134,"column":30},"end":{"line":134,"column":79}},"57":{"start":{"line":136,"column":31},"end":{"line":139,"column":10}},"58":{"start":{"line":140,"column":31},"end":{"line":140,"column":104}},"59":{"start":{"line":142,"column":8},"end":{"line":142,"column":118}},"60":{"start":{"line":142,"column":37},"end":{"line":142,"column":118}},"61":{"start":{"line":144,"column":28},"end":{"line":153,"column":10}},"62":{"start":{"line":155,"column":8},"end":{"line":155,"column":33}},"63":{"start":{"line":157,"column":8},"end":{"line":157,"column":105}},"64":{"start":{"line":159,"column":8},"end":{"line":159,"column":73}},"65":{"start":{"line":123,"column":13},"end":{"line":123,"column":29}}},"fnMap":{"0":{"name":"(anonymous_1)","decl":{"start":{"line":6,"column":35},"end":{"line":6,"column":40}},"loc":{"start":{"line":6,"column":69},"end":{"line":41,"column":1}}},"1":{"name":"(anonymous_2)","decl":{"start":{"line":43,"column":31},"end":{"line":43,"column":36}},"loc":{"start":{"line":43,"column":65},"end":{"line":54,"column":1}}},"2":{"name":"(anonymous_3)","decl":{"start":{"line":56,"column":35},"end":{"line":56,"column":40}},"loc":{"start":{"line":56,"column":73},"end":{"line":76,"column":1}}},"3":{"name":"(anonymous_4)","decl":{"start":{"line":78,"column":33},"end":{"line":78,"column":38}},"loc":{"start":{"line":78,"column":67},"end":{"line":93,"column":1}}},"4":{"name":"(anonymous_5)","decl":{"start":{"line":95,"column":32},"end":{"line":95,"column":37}},"loc":{"start":{"line":95,"column":66},"end":{"line":121,"column":1}}},"5":{"name":"(anonymous_6)","decl":{"start":{"line":123,"column":29},"end":{"line":123,"column":34}},"loc":{"start":{"line":123,"column":63},"end":{"line":161,"column":1}}}},"branchMap":{"0":{"loc":{"start":{"line":12,"column":8},"end":{"line":14,"column":9}},"type":"if","locations":[{"start":{"line":12,"column":8},"end":{"line":14,"column":9}}]},"1":{"loc":{"start":{"line":71,"column":19},"end":{"line":71,"column":87}},"type":"binary-expr","locations":[{"start":{"line":71,"column":19},"end":{"line":71,"column":27}},{"start":{"line":71,"column":31},"end":{"line":71,"column":87}}]},"2":{"loc":{"start":{"line":102,"column":30},"end":{"line":102,"column":79}},"type":"cond-expr","locations":[{"start":{"line":102,"column":55},"end":{"line":102,"column":75}},{"start":{"line":102,"column":78},"end":{"line":102,"column":79}}]},"3":{"loc":{"start":{"line":108,"column":33},"end":{"line":108,"column":88}},"type":"cond-expr","locations":[{"start":{"line":108,"column":61},"end":{"line":108,"column":84}},{"start":{"line":108,"column":87},"end":{"line":108,"column":88}}]},"4":{"loc":{"start":{"line":115,"column":31},"end":{"line":115,"column":92}},"type":"cond-expr","locations":[{"start":{"line":115,"column":62},"end":{"line":115,"column":88}},{"start":{"line":115,"column":91},"end":{"line":115,"column":92}}]},"5":{"loc":{"start":{"line":128,"column":8},"end":{"line":128,"column":111}},"type":"if","locations":[{"start":{"line":128,"column":8},"end":{"line":128,"column":111}}]},"6":{"loc":{"start":{"line":128,"column":12},"end":{"line":128,"column":34}},"type":"binary-expr","locations":[{"start":{"line":128,"column":12},"end":{"line":128,"column":19}},{"start":{"line":128,"column":23},"end":{"line":128,"column":34}}]},"7":{"loc":{"start":{"line":134,"column":30},"end":{"line":134,"column":79}},"type":"cond-expr","locations":[{"start":{"line":134,"column":55},"end":{"line":134,"column":75}},{"start":{"line":134,"column":78},"end":{"line":134,"column":79}}]},"8":{"loc":{"start":{"line":140,"column":48},"end":{"line":140,"column":103}},"type":"cond-expr","locations":[{"start":{"line":140,"column":76},"end":{"line":140,"column":99}},{"start":{"line":140,"column":102},"end":{"line":140,"column":103}}]},"9":{"loc":{"start":{"line":142,"column":8},"end":{"line":142,"column":118}},"type":"if","locations":[{"start":{"line":142,"column":8},"end":{"line":142,"column":118}}]}},"s":{"0":5,"1":5,"2":5,"3":5,"4":0,"5":0,"6":0,"7":0,"8":0,"9":0,"10":0,"11":0,"12":0,"13":0,"14":0,"15":0,"16":5,"17":5,"18":0,"19":0,"20":0,"21":0,"22":5,"23":5,"24":0,"25":0,"26":0,"27":0,"28":5,"29":5,"30":0,"31":0,"32":0,"33":0,"34":0,"35":5,"36":5,"37":0,"38":0,"39":0,"40":0,"41":0,"42":0,"43":0,"44":0,"45":0,"46":0,"47":0,"48":5,"49":5,"50":0,"51":0,"52":0,"53":0,"54":0,"55":0,"56":0,"57":0,"58":0,"59":0,"60":0,"61":0,"62":0,"63":0,"64":0,"65":5},"f":{"0":0,"1":0,"2":0,"3":0,"4":0,"5":0},"b":{"0":[0],"1":[0,0],"2":[0,0],"3":[0,0],"4":[0,0],"5":[0],"6":[0,0],"7":[0,0],"8":[0,0],"9":[0]}}
,"/Users/shreetikashrestha/tryinadmin/newdipikamanaged/re-webapibackend/src/controllers/profile.controller.ts": {"path":"/Users/shreetikashrestha/tryinadmin/newdipikamanaged/re-webapibackend/src/controllers/profile.controller.ts","statementMap":{"0":{"start":{"line":2,"column":0},"end":{"line":2,"column":76}},"1":{"start":{"line":3,"column":0},"end":{"line":3,"column":66}},"2":{"start":{"line":4,"column":0},"end":{"line":4,"column":49}},"3":{"start":{"line":6,"column":13},"end":{"line":120,"column":2}},"4":{"start":{"line":8,"column":8},"end":{"line":40,"column":9}},"5":{"start":{"line":10,"column":12},"end":{"line":34,"column":13}},"6":{"start":{"line":11,"column":16},"end":{"line":21,"column":18}},"7":{"start":{"line":23,"column":16},"end":{"line":33,"column":18}},"8":{"start":{"line":36,"column":12},"end":{"line":36,"column":77}},"9":{"start":{"line":38,"column":12},"end":{"line":38,"column":65}},"10":{"start":{"line":39,"column":12},"end":{"line":39,"column":77}},"11":{"start":{"line":44,"column":8},"end":{"line":62,"column":9}},"12":{"start":{"line":45,"column":31},"end":{"line":45,"column":41}},"13":{"start":{"line":46,"column":25},"end":{"line":46,"column":77}},"14":{"start":{"line":48,"column":12},"end":{"line":50,"column":13}},"15":{"start":{"line":49,"column":16},"end":{"line":49,"column":91}},"16":{"start":{"line":53,"column":12},"end":{"line":57,"column":13}},"17":{"start":{"line":54,"column":16},"end":{"line":54,"column":75}},"18":{"start":{"line":56,"column":16},"end":{"line":56,"column":70}},"19":{"start":{"line":59,"column":12},"end":{"line":59,"column":67}},"20":{"start":{"line":61,"column":12},"end":{"line":61,"column":77}},"21":{"start":{"line":66,"column":8},"end":{"line":90,"column":9}},"22":{"start":{"line":67,"column":31},"end":{"line":67,"column":46}},"23":{"start":{"line":68,"column":12},"end":{"line":70,"column":13}},"24":{"start":{"line":69,"column":16},"end":{"line":69,"column":66}},"25":{"start":{"line":73,"column":12},"end":{"line":85,"column":13}},"26":{"start":{"line":74,"column":16},"end":{"line":78,"column":18}},"27":{"start":{"line":80,"column":16},"end":{"line":84,"column":18}},"28":{"start":{"line":87,"column":12},"end":{"line":87,"column":61}},"29":{"start":{"line":89,"column":12},"end":{"line":89,"column":77}},"30":{"start":{"line":94,"column":8},"end":{"line":118,"column":9}},"31":{"start":{"line":95,"column":48},"end":{"line":95,"column":57}},"32":{"start":{"line":96,"column":29},"end":{"line":96,"column":31}},"33":{"start":{"line":98,"column":12},"end":{"line":100,"column":13}},"34":{"start":{"line":99,"column":16},"end":{"line":99,"column":48}},"35":{"start":{"line":102,"column":12},"end":{"line":104,"column":13}},"36":{"start":{"line":103,"column":16},"end":{"line":103,"column":55}},"37":{"start":{"line":106,"column":12},"end":{"line":108,"column":13}},"38":{"start":{"line":107,"column":16},"end":{"line":107,"column":67}},"39":{"start":{"line":110,"column":32},"end":{"line":112,"column":40}},"40":{"start":{"line":114,"column":12},"end":{"line":114,"column":98}},"41":{"start":{"line":116,"column":12},"end":{"line":116,"column":69}},"42":{"start":{"line":117,"column":12},"end":{"line":117,"column":77}}},"fnMap":{"0":{"name":"(anonymous_0)","decl":{"start":{"line":7,"column":18},"end":{"line":7,"column":23}},"loc":{"start":{"line":7,"column":52},"end":{"line":41,"column":5}}},"1":{"name":"(anonymous_1)","decl":{"start":{"line":43,"column":24},"end":{"line":43,"column":29}},"loc":{"start":{"line":43,"
[...]
,"/Users/shreetikashrestha/tryinadmin/newdipikamanaged/re-webapibackend/src/routes/notification.route.ts": {"path":"/Users/shreetikashrestha/tryinadmin/newdipikamanaged/re-webapibackend/src/routes/notification.route.ts","statementMap":{"0":{"start":{"line":1,"column":0},"end":{"line":1,"column":30}},"1":{"start":{"line":2,"column":0},"end":{"line":2,"column":80}},"2":{"start":{"line":3,"column":0},"end":{"line":3,"column":78}},"3":{"start":{"line":5,"column":15},"end":{"line":5,"column":31}},"4":{"start":{"line":7,"column":0},"end":{"line":7,"column":79}},"5":{"start":{"line":8,"column":0},"end":{"line":8,"column":89}},"6":{"start":{"line":9,"column":0},"end":{"line":9,"column":95}},"7":{"start":{"line":10,"column":0},"end":{"line":10,"column":89}},"8":{"start":{"line":11,"column":0},"end":{"line":11,"column":84}},"9":{"start":{"line":12,"column":0},"end":{"line":12,"column":99}},"10":{"start":{"line":14,"column":0},"end":{"line":14,"column":22}}},"fnMap":{},"branchMap":{},"s":{"0":5,"1":5,"2":5,"3":5,"4":5,"5":5,"6":5,"7":5,"8":5,"9":5,"10":5},"f":{},"b":{}}
,"/Users/shreetikashrestha/tryinadmin/newdipikamanaged/re-webapibackend/src/routes/payment.route.ts": {"path":"/Users/shreetikashrestha/tryinadmin/newdipikamanaged/re-webapibackend/src/routes/payment.route.ts","statementMap":{"0":{"start":{"line":1,"column":0},"end":{"line":1,"column":30}},"1":{"start":{"line":2,"column":0},"end":{"line":2,"column":162}},"2":{"start":{"line":3,"column":0},"end":{"line":3,"column":78}},"3":{"start":{"line":4,"column":0},"end":{"line":4,"column":65}},"4":{"start":{"line":5,"column":0},"end":{"line":5,"column":65}},"5":{"start":{"line":7,"column":15},"end":{"line":7,"column":31}},"6":{"start":{"line":9,"column":0},"end":{"line":9,"column":90}},"7":{"start":{"line":10,"column":0},"end":{"line":10,"column":72}},"8":{"start":{"line":11,"column":0},"end":{"line":11,"column":81}},"9":{"start":{"line":13,"column":0},"end":{"line":13,"column":72}},"10":{"start":{"line":14,"column":0},"end":{"line":14,"column":63}},"11":{"start":{"line":15,"column":0},"end":{"line":15,"column":60}},"12":{"start":{"line":17,"column":0},"end":{"line":17,"column":22}}},"fnMap":{},"branchMap":{},"s":{"0":5,"1":5,"2":5,"3":5,"4":5,"5":5,"6":5,"7":5,"8":5,"9":5,"10":5,"11":5,"12":5},"f":{},"b":{}}
,"/Users/shreetikashrestha/tryinadmin/newdipikamanaged/re-webapibackend/src/routes/profile.route.ts": {"path":"/Users/shreetikashrestha/tryinadmin/newdipikamanaged/re-webapibackend/src/routes/profile.route.ts","statementMap":{"0":{"start":{"line":1,"column":0},"end":{"line":1,"column":30}},"1":{"start":{"line":2,"column":0},"end":{"line":2,"column":70}},"2":{"start":{"line":3,"column":0},"end":{"line":3,"column":78}},"3":{"start":{"line":4,"column":0},"end":{"line":4,"column":57}},"4":{"start":{"line":6,"column":15},"end":{"line":6,"column":31}},"5":{"start":{"line":8,"column":0},"end":{"line":8,"column":72}},"6":{"start":{"line":9,"column":0},"end":{"line":9,"column":86}},"7":{"start":{"line":10,"column":0},"end":{"line":10,"column":83}},"8":{"start":{"line":12,"column":0},"end":{"line":12,"column":102}},"9":{"start":{"line":14,"column":0},"end":{"line":14,"column":22}}},"fnMap":{},"branchMap":{},"s":{"0":5,"1":5,"2":5,"3":5,"4":5,"5":5,"6":5,"7":5,"8":5,"9":5},"f":{},"b":{}}
,"/Users/shreetikashrestha/tryinadmin/newdipikamanaged/re-webapibackend/src/routes/review.route.ts": {"path":"/Users/shreetikashrestha/tryinadmin/newdipikamanaged/re-webapibackend/src/routes/review.route.ts","statementMap":{"0":{"start":{"line":1,"column":0},"end":{"line":1,"column":33}},"1":{"start":{"line":2,"column":0},"end":{"line":2,"column":68}},"2":{"start":{"line":3,"column":0},"end":{"line":3,"column":78}},"3":{"start":{"line":5,"column":25},"end":{"line":5,"column":47}},"4":{"start":{"line":6,"column":15},"end":{"line":6,"column":23}},"5":{"start":{"line":8,"column":0},"end":{"line":8,"column":70}},"6":{"start":{"line":10,"column":0},"end":{"line":10,"column":52}},"7":{"start":{"line":12,"column":0},"end":{"line":12,"column":22}}},"fnMap":{},"branchMap":{},"s":{"0":5,"1":5,"2":5,"3":5,"4":5,"5":5,"6":5,"7":5},"f":{},"b":{}}
,"/Users/shreetikashrestha/tryinadmin/newdipikamanaged/re-webapibackend/src/routes/support.route.ts": {"path":"/Users/shreetikashrestha/tryinadmin/newdipikamanaged/re-webapibackend/src/routes/support.route.ts","statementMap":{"0":{"start":{"line":1,"column":0},"end":{"line":1,"column":33}},"1":{"start":{"line":2,"column":0},"end":{"line":2,"column":70}},"2":{"start":{"line":3,"column":0},"end":{"line":3,"column":78}},"3":{"start":{"line":5,"column":15},"end":{"line":5,"column":23}},"4":{"start":{"line":6,"column":26},"end":{"line":6,"column":49}},"5":{"start":{"line":8,"column":0},"end":{"line":8,"column":78}},"6":{"start":{"line":9,"column":0},"end":{"line":9,"column":80}},"7":{"start":{"line":11,"column":0},"end":{"line":11,"column":78}},"8":{"start":{"line":12,"column":0},"end":{"line":12,"column":89}},"9":{"start":{"line":14,"column":0},"end":{"line":14,"column":22}}},"fnMap":{},"branchMap":{},"s":{"0":5,"1":5,"2":5,"3":5,"4":5,"5":5,"6":5,"7":5,"8":5,"9":5},"f":{},"b":{}}
,"/Users/shreetikashrestha/tryinadmin/newdipikamanaged/re-webapibackend/src/routes/user.route.ts": {"path":"/Users/shreetikashrestha/tryinadmin/newdipikamanaged/re-webapibackend/src/routes/user.route.ts","statementMap":{"0":{"start":{"line":1,"column":0},"end":{"line":1,"column":33}},"1":{"start":{"line":2,"column":0},"end":{"line":2,"column":64}},"2":{"start":{"line":3,"column":0},"end":{"line":3,"column":64}},"3":{"start":{"line":4,"column":0},"end":{"line":4,"column":57}},"4":{"start":{"line":5,"column":0},"end":{"line":5,"column":78}},"5":{"start":{"line":6,"column":15},"end":{"line":6,"column":23}},"6":{"start":{"line":8,"column":23},"end":{"line":8,"column":43}},"7":{"start":{"line":9,"column":23},"end":{"line":9,"column":43}},"8":{"start":{"line":11,"column":0},"end":{"line":11,"column":58}},"9":{"start":{"line":13,"column":0},"end":{"line":13,"column":107}},"10":{"start":{"line":15,"column":0},"end":{"line":15,"column":94}},"11":{"start":{"line":17,"column":0},"end":{"line":17,"column":53}},"12":{"start":{"line":18,"column":0},"end":{"line":18,"column":104}},"13":{"start":{"line":19,"column":0},"end":{"line":19,"column":79}},"14":{"start":{"line":20,"column":0},"end":{"line":20,"column":82}},"15":{"start":{"line":21,"column":0},"end":{"line":21,"column":52}},"16":{"start":{"line":22,"column":0},"end":{"line":22,"column":55}},"17":{"start":{"line":24,"column":0},"end":{"line":24,"column":47}},"18":{"start":{"line":26,"column":0},"end":{"line":26,"column":22}}},"fnMap":{},"branchMap":{},"s":{"0":5,"1":5,"2":5,"3":5,"4":5,"5":5,"6":5,"7":5,"8":5,"9":5,"10":5,"11":5,"12":5,"13":5,"14":5,"15":5,"16":5,"17":5,"18":5},"f":{},"b":{}}
,"/Users/shreetikashrestha/tryinadmin/newdipikamanaged/re-webapibackend/src/services/email.service.ts": {"path":"/Users/shreetikashrestha/tryinadmin/newdipikamanaged/re-webapibackend/src/services/email.service.ts","statementMap":{"0":{"start":{"line":1,"column":0},"end":{"line":1,"column":36}},"1":{"start":{"line":2,"column":0},"end":{"line":2,"column":88}},"2":{"start":{"line":8,"column":8},"end":{"line":16,"column":11}},"3":{"start":{"line":20,"column":28},"end":{"line":20,"column":77}},"4":{"start":{"line":21,"column":28},"end":{"line":37,"column":10}},"5":{"start":{"line":39,"column":8},"end":{"line":47,"column":9}},"6":{"start":{"line":40,"column":25},"end":{"line":40,"column":69}},"7":{"start":{"line":41,"column":31},"end":{"line":41,"column":65}},"8":{"start":{"line":42,"column":12},"end":{"line":42,"column":76}},"9":{"start":{"line":43,"column":12},"end":{"line":43,"column":40}},"10":{"start":{"line":45,"column":12},"end":{"line":45,"column":58}},"11":{"start":{"line":46,"column":12},"end":{"line":46,"column":58}},"12":{"start":{"line":51,"column":28},"end":{"line":51,"column":80}},"13":{"start":{"line":52,"column":28},"end":{"line":69,"column":10}},"14":{"start":{"line":71,"column":8},"end":{"line":80,"column":9}},"15":{"start":{"line":72,"column":25},"end":{"line":72,"column":69}},"16":{"start":{"line":73,"column":31},"end":{"line":73,"column":65}},"17":{"start":{"line":74,"column":12},"end":{"line":74,"column":63}},"18":{"start":{"line":75,"column":12},"end":{"line":75,"column":55}},"19":{"start":{"line":76,"column":12},"end":{"line":76,"column":55}},"20":{"start":{"line":78,"column":12},"end":{"line":78,"column":69}},"21":{"start":{"line":79,"column":12},"end":{"line":79,"column":63}},"22":{"start":{"line":4,"column":0},"end":{"line":4,"column":13}}},"fnMap":{"0":{"name":"(anonymous_1)","decl":{"start":{"line":7,"column":4},"end":{"line":7,"column":null}},"loc":{"start":{"line":7,"column":4},"end":{"line":17,"column":5}}},"1":{"name":"(anonymous_2)","decl":{"start":{"line":19,"column":4},"end":{"line":19,"column":9}},"loc":{"start":{"line":19,"column":64},"end":{"line":48,"column":5}}},"2":{"name":"(anonymous_3)","decl":{"start":{"line":50,"column":4},"end":{"line":50,"column":9}},"loc":{"start":{"line":50,"column":85},"end":{"line":81,"column":5}}}},"branchMap":{"0":{"loc":{"start":{"line":20,"column":28},"end":{"line":20,"column":77}},"type":"binary-expr","locations":[{"start":{"line":20,"column":28},"end":{"line":20,"column":37}},{"start":{"line":20,"column":41},"end":{"line":20,"column":77}}]},"1":{"loc":{"start":{"line":51,"column":28},"end":{"line":51,"column":80}},"type":"binary-expr","locations":[{"start":{"line":51,"column":28},"end":{"line":51,"column":37}},{"start":{"line":51,"column":41},"end":{"line":51,"column":80}}]}},"s":{"0":5,"1":5,"2":0,"3":0,"4":0,"5":0,"6":0,"7":0,"8":0,"9":0,"10":0,"11":0,"12":0,"13":0,"14":0,"15":0,"16":0,"17":0,"18":0,"19":0,"20":0,"21":0,"22":5},"f":{"0":0,"1":0,"2":0},"b":{"0":[0,0],"1":[0,0]}}
,"/Users/shreetikashrestha/tryinadmin/newdipikamanaged/re-webapibackend/src/services/user.service.ts": {"path":"/Users/shreetikashrestha/tryinadmin/newdipikamanaged/re-webapibackend/src/services/user.service.ts","statementMap":{"0":{"start":{"line":1,"column":0},"end":{"line":1,"column":30}},"1":{"start":{"line":2,"column":0},"end":{"line":2,"column":31}},"2":{"start":{"line":4,"column":0},"end":{"line":4,"column":65}},"3":{"start":{"line":5,"column":0},"end":{"line":5,"column":49}},"4":{"start":{"line":6,"column":0},"end":{"line":6,"column":45}},"5":{"start":{"line":7,"column":0},"end":{"line":7,"column":49}},"6":{"start":{"line":13,"column":8},"end":{"line":13,"column":69}},"7":{"start":{"line":17,"column":27},"end":{"line":17,"column":79}},"8":{"start":{"line":18,"column":8},"end":{"line":20,"column":9}},"9":{"start":{"line":19,"column":12},"end":{"line":19,"column":61}},"10":{"start":{"line":21,"column":8},"end":{"line":21,"column":null}},"11":{"start":{"line":23,"column":31},"end":{"line":23,"column":67}},"12":{"start":{"line":24,"column":8},"end":{"line":24,"column":39}},"13":{"start":{"line":26,"column":24},"end":{"line":26,"column":66}},"14":{"start":{"line":28,"column":8},"end":{"line":28,"column":23}},"15":{"start":{"line":32,"column":29},"end":{"line":32,"column":81}},"16":{"start":{"line":33,"column":8},"end":{"line":35,"column":9}},"17":{"start":{"line":34,"column":12},"end":{"line":34,"column":55}},"18":{"start":{"line":37,"column":32},"end":{"line":37,"column":90}},"19":{"start":{"line":38,"column":8},"end":{"line":40,"column":9}},"20":{"start":{"line":39,"column":12},"end":{"line":39,"column":60}},"21":{"start":{"line":42,"column":24},"end":{"line":47,"column":10}},"22":{"start":{"line":48,"column":22},"end":{"line":48,"column":73}},"23":{"start":{"line":50,"column":8},"end":{"line":50,"column":45}},"24":{"start":{"line":54,"column":8},"end":{"line":54,"column":66}},"25":{"start":{"line":58,"column":21},"end":{"line":58,"column":62}},"26":{"start":{"line":59,"column":8},"end":{"line":61,"column":9}},"27":{"start":{"line":60,"column":12},"end":{"line":60,"column":55}},"28":{"start":{"line":62,"column":8},"end":{"line":62,"column":20}},"29":{"start":{"line":66,"column":21},"end":{"line":66,"column":70}},"30":{"start":{"line":67,"column":8},"end":{"line":69,"column":9}},"31":{"start":{"line":68,"column":12},"end":{"line":68,"column":55}},"32":{"start":{"line":70,"column":8},"end":{"line":70,"column":20}},"33":{"start":{"line":74,"column":23},"end":{"line":74,"column":66}},"34":{"start":{"line":75,"column":8},"end":{"line":77,"column":9}},"35":{"start":{"line":76,"column":12},"end":{"line":76,"column":55}},"36":{"start":{"line":78,"column":8},"end":{"line":78,"column":56}},"37":{"start":{"line":82,"column":21},"end":{"line":82,"column":68}},"38":{"start":{"line":83,"column":8},"end":{"line":85,"column":9}},"39":{"start":{"line":84,"column":12},"end":{"line":84,"column":24}},"40":{"start":{"line":87,"column":23},"end":{"line":87,"column":40}},"41":{"start":{"line":88,"column":27},"end":{"line":88,"column":65}},"42":{"start":{"line":90,"column":28},"end":{"line":90,"column":61}},"43":{"start":{"line":91,"column":29},"end":{"line":91,"column":66}},"44":{"start":{"line":93,"column":8},"end":{"line":96,"column":18}},"45":{"start":{"line":98,"column":8},"end":{"line":98,"column":26}},"46":{"start":{"line":102,"column":32},"end":{"line":104,"column":10}},"47":{"start":{"line":106,"column":25},"end":{"line":106,"column":29}},"48":{"start":{"line":107,"column":8},"end":{"line":112,"column":9}},"49":{"start":{"line":108,"column":12},"end":{"line":111,"column":13}},"50":{"start":{"line":109,"column":16},"end":{"line":109,"column":34}},"51":{"start":{"line":110,"column":16},"end":{"line":110,"column":22}},"52":{"start":{"line":114,"column":8},"end":{"line":116,"column":9}},"53":{"start":{"line":115,"column":12},"end":{"line":115,"column":80}},"54":{"start":{"line":118,"column":31},"end":{"line":118,"column":65}},"55":{"start":{"line":119,"column":8},"end":{"line":119,"column":45}},"56":{"start":{"line":120,"column":8},"end":{"line":120,"column":50}},"57":{"start":{"line":121,"column":8},"end":{"line":121,"column":52}},"58":{"start":{"line":122,"column":8},"end":{"line":122,"column":32}},"59":{"start":{"line":124,"column":8},"end":{"line":124,"column":56}},"60":{"start":{"line":128,"column":21},"end":{"line":128,"column":66}},"61":{"start":{"line":129,"column":8},"end":{"line":131,"column":9}},"62":{"start":{"line":130,"column":12},"end":{"line":130,"column":55}},"63":{"start":{"line":133,"column":32},"end":{"line":133,"column":84}},"64":{"start":{"line":134,"column":8},"end":{"line":136,"column":9}},"65":{"start":{"line":135,"column":12},"end":{"line":135,"column":70}},"66":{"start":{"line":138,"column":31},"end":{"line":138,"column":65}},"67":{"start":{"line":139,"column":8},"end":{"line":139,"column":93}},"68":{"start":{"line":141,"column":8},"end":{"line":141,"column":60}},"69":{"start":{"line":9,"column":0},"end":{"line":9,"column":13}}},"fnMap":{"0":{"name":"(anonymous_1)","decl":{"start":{"line":12,"column":4},"end":{"line":12,"column":16}},"loc":{"start":{"line":12,"column":47},"end":{"line":14,"column":5}}},"1":{"name":"(anonymous_2)","decl":{"start":{"line":16,"column":4},"end":{"line":16,"column":9}},"loc":{"start":{"line":16,"column":42},"end":{"line":29,"column":5}}},"2":{"name":"(anonymous_3)","decl":{"start":{"line":31,"column":4},"end":{"line":31,"column":9}},"loc":{"start":{"line":31,"column":38},"end":{"line":51,"column":5}}},"3":{"name":"(anonymous_4)","decl":{"start":{"line":53,"column":4},"end":{"line":53,"column":9}},"loc":{"start":{"line":53,"column":58},"end":{"line":55,"column":5}}},"4":{"name":"(anonymous_5)","decl":{"start":{"line":57,"column":4},"end":{"line":57,"column":9}},"loc":{"start":{"line":57,"column":32},"end":{"line":63,"column":5}}},"5":{"name":"(anonymous_6)","decl":{"start":{"line":65,"column":4},"end":{"line":65,"column":9}},"loc":{"start":{"line":65,"column":51},"end":{"line":71,"column":5}}},"6":{"name":"(anonymous_7)","decl":{"start":{"line":73,"column":4},"end":{"line":73,"column":9}},"loc":{"start":{"line":73,"column":31},"end":{"line":79,"column":5}}},"7":{"name":"(anonymous_8)","decl":{"start":{"line":81,"column":4},"end":{"line":81,"column":9}},"loc":{"start":{"line":81,"column":38},"end":{"line":99,"column":5}}},"8":{"name":"(anonymous_9)","decl":{"start":{"line":101,"column":4},"end":{"line":101,"column":9}},"loc":{"start":{"line":101,"column":55},"end":{"line":125,"column":5}}},"9":{"name":"(anonymous_10)","decl":{"start":{"line":127,"column":4},"end":{"line":127,"column":9}},"loc":{"start":{"line":127,"column":85},"end":{"line":142,"column":5}}}},"branchMap":{"0":{"loc":{"start":{"line":13,"column":30},"end":{"line":13,"column":68}},"type":"binary-expr","locations":[{"start":{"line":13,"column":30},"end":{"line":13,"column":44}},{"start":{"line":13,"column":48},"end":{"line":13,"column":68}}]},"1":{"loc":{"start":{"line":18,"column":8},"end":{"line":20,"column":9}},"type":"if","locations":[{"start":{"line":18,"column":8},"end":{"line":20,"column":9}}]},"2":{"loc":{"start":{"line":33,"column":8},"end":{"line":35,"column":9}},"type":"if","locations":[{"start":{"line":33,"column":8},"end":{"line":35,"column":9}}]},"3":{"loc":{"start":{"line":38,"column":8},"end":{"line":40,"column":9}},"type":"if","locations":[{"start":{"line":38,"column":8},"end":{"line":40,"column":9}}]},"4":{"loc":{"start":{"line":53,"column":22},"end":{"line":53,"column":38}},"type":"default-arg","locations":[{"start":{"line":53,"column":37},"end":{"line":53,"column":38}}]},"5":{"loc":{"start":{"line":53,"column":40},"end":{"line":53,"column":58}},"type":"default-arg","locations":[{"start":{"line":53,"column":56},"end":{"line":53,"column":58}}]},"6":{"loc":{"start":{"line":59,"column":8},"end":{"line":61,"column":9}},"type":"if","locations":[{"start":{"line":59,"column":8},"end":{"line":61,"column":9}}]},"7":{"loc":{"start":{"line":67,"column":8},"end":{"line":69,"column":9}},"type":"if","locations":[{"start":{"line":67,"column":8},"end":{"line":69,"column":9}}]},"8":{"loc":{"start":{"line":75,"column":8},"end":{"line":77,"column":9}},"type":"if","locations":[{"start":{"line":75,"column":8},"end":{"line":77,"column":9}}]},"9":{"loc":{"start":{"line":83,"column":8},"end":{"line":85,"column":9}},"type":"if","locations":[{"start":{"line":83,"column":8},"end":{"line":85,"column":9}}]},"10":{"loc":{"start":{"line":108,"column":12},"end":{"line":111,"column":13}},"type":"if","locations":[{"start":{"line":108,"column":12},"end":{"line":111,"column":13}}]},"11":{"loc":{"start":{"line":108,"column":16},"end":{"line":108,"column":95}},"type":"binary-expr","locations":[{"start":{"line":108,"column":16},"end":{"line":108,"column":39}},{"start":{"line":108,"column":43},"end":{"line":108,"column":95}}]},"12":{"loc":{"start":{"line":114,"column":8},"end":{"line":116,"column":9}},"type":"if","locations":[{"start":{"line":114,"column":8},"end":{"line":116,"column":9}}]},"13":{"loc":{"start":{"line":129,"column":8},"end":{"line":131,"column":9}},"type":"if","locations":[{"start":{"line":129,"column":8},"end":{"line":131,"column":9}}]},"14":{"loc":{"start":{"line":134,"column":8},"end":{"line":136,"column":9}},"type":"if","locations":[{"start":{"line":134,"column":8},"end":{"line":136,"column":9}}]}},"s":{"0":5,"1":5,"2":5,"3":5,"4":5,"5":5,"6":10,"7":36,"8":36,"9":25,"10":11,"11":11,"12":11,"13":11,"14":11,"15":33,"16":33,"17":0,"18":33,"19":33,"20":1,"21":32,"22":32,"23":32,"24":0,"25":0,"26":0,"27":0,"28":0,"29":0,"30":0,"31":0,"32":0,"33":0,"34":0,"35":0,"36":0,"37":0,"38":0,"39":0,"40":0,"41":0,"42":0,"43":0,"44":0,"45":0,"46":0,"47":0,"48":0,"49":0,"50":0,"51":0,"52":0,"53":0,"54":0,"55":0,"56":0,"57":0,"58":0,"59":0,"60":0,"61":0,"62":0,"63":0,"64":0,"65":0,"66":0,"67":0,"68":0,"69":5},"f":{"0":10,"1":36,"2":33,"3":0,"4":0,"5":0,"6":0,"7":0,"8":0,"9":0},"b":{"0":[10,10],"1":[25],"2":[0],"3":[1],"4":[0],"5":[0],"6":[0],"7":[0],"8":[0],"9":[0],"10":[0],"11":[0,0],"12":[0],"13":[0],"14":[0]}}
}
