TN:
SF:src/app.ts
FN:20,setupApp
FN:23,(anonymous_2)
FN:34,(anonymous_3)
FN:37,(anonymous_4)
FN:73,(anonymous_5)
FN:82,(anonymous_6)
FNF:6
FNH:4
FNDA:5,setupApp
FNDA:135,(anonymous_2)
FNDA:25,(anonymous_3)
FNDA:135,(anonymous_4)
FNDA:0,(anonymous_5)
FNDA:0,(anonymous_6)
DA:1,5
DA:2,5
DA:3,5
DA:5,5
DA:6,5
DA:7,5
DA:8,5
DA:9,5
DA:10,5
DA:11,5
DA:12,5
DA:13,5
DA:14,5
DA:15,5
DA:16,5
DA:17,5
DA:18,5
DA:20,5
DA:21,5
DA:23,5
DA:24,135
DA:25,135
DA:28,5
DA:34,25
DA:36,5
DA:38,135
DA:39,135
DA:41,0
DA:47,5
DA:48,5
DA:49,5
DA:50,5
DA:52,5
DA:54,5
DA:55,5
DA:56,5
DA:57,5
DA:58,5
DA:59,5
DA:60,5
DA:61,5
DA:62,5
DA:63,5
DA:65,5
DA:66,5
DA:67,5
DA:69,5
DA:74,0
DA:78,5
DA:83,0
DA:87,5
DA:90,5
LF:52
LH:49
BRDA:33,0,0,5
BRDA:33,0,1,0
BRDA:38,1,0,135
BRDA:38,1,1,0
BRDA:38,2,0,135
BRDA:38,2,1,0
BRF:6
BRH:3
end_of_record
TN:
SF:src/test-app.ts
FNF:0
FNH:0
DA:2,5
DA:4,5
DA:14,5
DA:16,5
LF:4
LH:4
BRF:0
BRH:0
end_of_record
TN:
SF:src/controllers/application.controller.ts
FN:8,(anonymous_1)
FN:67,(anonymous_2)
FN:111,(anonymous_3)
FN:139,(anonymous_4)
FN:218,(anonymous_5)
FN:296,(anonymous_6)
FNF:6
FNH:6
FNDA:2,(anonymous_1)
FNDA:2,(anonymous_2)
FNDA:3,(anonymous_3)
FNDA:4,(anonymous_4)
FNDA:1,(anonymous_5)
FNDA:1,(anonymous_6)
DA:2,5
DA:3,5
DA:4,5
DA:7,5
DA:9,2
DA:10,2
DA:11,2
DA:13,2
DA:14,0
DA:20,2
DA:21,2
DA:22,0
DA:28,2
DA:33,2
DA:34,1
DA:40,1
DA:48,1
DA:53,1
DA:59,0
DA:60,0
DA:68,2
DA:69,2
DA:70,2
DA:71,2
DA:73,2
DA:74,2
DA:75,0
DA:81,2
DA:82,1
DA:88,1
DA:89,1
DA:90,0
DA:93,1
DA:98,1
DA:103,0
DA:104,0
DA:112,3
DA:113,3
DA:114,3
DA:116,3
DA:117,3
DA:118,0
DA:121,3
DA:126,3
DA:131,0
DA:132,0
DA:140,4
DA:141,4
DA:142,4
DA:143,4
DA:144,4
DA:146,4
DA:147,4
DA:148,4
DA:149,4
DA:150,4
DA:151,4
DA:153,4
DA:154,1
DA:160,3
DA:161,3
DA:162,0
DA:163,0
DA:169,3
DA:176,3
DA:177,3
DA:179,3
DA:186,3
DA:187,1
DA:188,1
DA:194,2
DA:196,2
DA:197,2
DA:199,2
DA:200,2
DA:202,2
DA:204,2
DA:210,0
DA:211,0
DA:219,1
DA:220,1
DA:221,1
DA:222,1
DA:224,1
DA:225,1
DA:226,1
DA:227,1
DA:228,1
DA:230,1
DA:235,1
DA:236,0
DA:237,0
DA:243,1
DA:253,1
DA:257,1
DA:261,1
DA:263,1
DA:271,1
DA:272,1
DA:274,1
DA:275,0
DA:276,0
DA:282,1
DA:283,1
DA:288,0
DA:289,0
DA:297,1
DA:298,1
DA:300,1
DA:320,1
DA:326,1
DA:331,0
DA:332,0
LF:113
LH:90
BRDA:13,0,0,0
BRDA:21,1,0,0
BRDA:33,2,0,1
BRDA:44,3,0,1
BRDA:44,3,1,0
BRDA:62,4,0,0
BRDA:62,4,1,0
BRDA:74,5,0,0
BRDA:81,6,0,1
BRDA:89,7,0,0
BRDA:106,8,0,0
BRDA:106,8,1,0
BRDA:117,9,0,0
BRDA:134,10,0,0
BRDA:134,10,1,0
BRDA:153,11,0,1
BRDA:153,12,0,4
BRDA:153,12,1,4
BRDA:161,13,0,0
BRDA:186,14,0,1
BRDA:213,15,0,0
BRDA:213,15,1,0
BRDA:235,16,0,0
BRDA:253,17,0,1
BRDA:253,17,1,0
BRDA:257,18,0,1
BRDA:257,18,1,0
BRDA:274,19,0,0
BRDA:274,20,0,1
BRDA:274,20,1,0
BRDA:291,21,0,0
BRDA:291,21,1,0
BRDA:320,22,0,1
BRDA:320,22,1,0
BRDA:334,23,0,0
BRDA:334,23,1,0
BRF:36
BRH:11
end_of_record
TN:
SF:src/controllers/auth.controller.ts
FN:12,(anonymous_1)
FN:45,(anonymous_2)
FN:79,(anonymous_3)
FN:110,(anonymous_4)
FN:128,(anonymous_5)
FN:146,(anonymous_6)
FNF:6
FNH:3
FNDA:40,(anonymous_1)
FNDA:33,(anonymous_2)
FNDA:0,(anonymous_3)
FNDA:0,(anonymous_4)
FNDA:1,(anonymous_5)
FNDA:0,(anonymous_6)
DA:1,5
DA:3,5
DA:4,5
DA:5,5
DA:6,5
DA:7,5
DA:9,5
DA:11,5
DA:13,40
DA:14,40
DA:15,40
DA:16,4
DA:21,36
DA:23,11
DA:32,11
DA:38,25
DA:46,33
DA:47,33
DA:48,33
DA:49,33
DA:50,0
DA:55,33
DA:57,32
DA:66,32
DA:72,1
DA:80,0
DA:81,0
DA:82,0
DA:84,0
DA:85,0
DA:87,0
DA:88,0
DA:89,0
DA:90,0
DA:91,0
DA:93,0
DA:97,0
DA:102,0
DA:103,0
DA:111,0
DA:112,0
DA:113,0
DA:115,0
DA:116,0
DA:121,0
DA:129,1
DA:130,1
DA:131,1
DA:133,1
DA:139,0
DA:147,0
DA:148,0
DA:149,0
DA:151,0
DA:152,0
DA:155,0
DA:156,0
DA:159,0
DA:160,0
DA:165,0
LF:60
LH:28
BRDA:15,0,0,4
BRDA:24,1,0,11
BRDA:24,1,1,0
BRDA:25,2,0,11
BRDA:25,2,1,0
BRDA:26,3,0,11
BRDA:26,3,1,0
BRDA:27,4,0,11
BRDA:27,4,1,0
BRDA:28,5,0,11
BRDA:28,5,1,0
BRDA:29,6,0,11
BRDA:29,6,1,0
BRDA:38,7,0,25
BRDA:38,7,1,0
BRDA:40,8,0,25
BRDA:40,8,1,0
BRDA:49,9,0,0
BRDA:58,10,0,32
BRDA:58,10,1,0
BRDA:59,11,0,32
BRDA:59,11,1,0
BRDA:60,12,0,32
BRDA:60,12,1,0
BRDA:61,13,0,32
BRDA:61,13,1,0
BRDA:62,14,0,32
BRDA:62,14,1,0
BRDA:63,15,0,32
BRDA:63,15,1,0
BRDA:72,16,0,1
BRDA:72,16,1,0
BRDA:74,17,0,1
BRDA:74,17,1,0
BRDA:82,18,0,0
BRDA:87,19,0,0
BRDA:103,20,0,0
BRDA:103,20,1,0
BRDA:105,21,0,0
BRDA:105,21,1,0
BRDA:113,22,0,0
BRDA:113,23,0,0
BRDA:113,23,1,0
BRDA:121,24,0,0
BRDA:121,24,1,0
BRDA:123,25,0,0
BRDA:123,25,1,0
BRDA:131,26,0,0
BRDA:139,27,0,0
BRDA:139,27,1,0
BRDA:141,28,0,0
BRDA:141,28,1,0
BRDA:151,29,0,0
BRDA:151,30,0,0
BRDA:151,30,1,0
BRDA:155,31,0,0
BRDA:165,32,0,0
BRDA:165,32,1,0
BRDA:167,33,0,0
BRDA:167,33,1,0
BRF:60
BRH:17
end_of_record
TN:
SF:src/controllers/campaign.controller.ts
FN:8,(anonymous_0)
FN:61,(anonymous_1)
FN:107,(anonymous_2)
FN:134,(anonymous_3)
FN:154,(anonymous_4)
FN:229,(anonymous_5)
FN:270,(anonymous_6)
FN:277,(anonymous_7)
FN:278,(anonymous_8)
FN:279,(anonymous_9)
FN:281,(anonymous_10)
FN:292,(anonymous_11)
FN:295,(anonymous_12)
FN:297,(anonymous_13)
FNF:14
FNH:5
FNDA:11,(anonymous_0)
FNDA:5,(anonymous_1)
FNDA:1,(anonymous_2)
FNDA:0,(anonymous_3)
FNDA:1,(anonymous_4)
FNDA:2,(anonymous_5)
FNDA:0,(anonymous_6)
FNDA:0,(anonymous_7)
FNDA:0,(anonymous_8)
FNDA:0,(anonymous_9)
FNDA:0,(anonymous_10)
FNDA:0,(anonymous_11)
FNDA:0,(anonymous_12)
FNDA:0,(anonymous_13)
DA:3,5
DA:4,5
DA:5,5
DA:7,5
DA:9,11
DA:10,11
DA:23,11
DA:25,11
DA:26,0
DA:32,11
DA:47,11
DA:53,0
DA:54,0
DA:62,5
DA:63,5
DA:64,5
DA:66,5
DA:67,0
DA:70,5
DA:71,2
DA:79,5
DA:80,5
DA:81,5
DA:83,5
DA:84,5
DA:90,5
DA:99,0
DA:100,0
DA:108,1
DA:109,1
DA:111,1
DA:114,1
DA:115,0
DA:121,1
DA:126,0
DA:127,0
DA:135,0
DA:136,0
DA:138,0
DA:141,0
DA:146,0
DA:147,0
DA:155,1
DA:156,1
DA:157,1
DA:158,1
DA:160,1
DA:161,1
DA:162,0
DA:168,1
DA:173,1
DA:174,0
DA:180,1
DA:188,1
DA:189,1
DA:190,1
DA:207,0
DA:210,1
DA:215,1
DA:221,0
DA:222,0
DA:230,2
DA:231,2
DA:232,2
DA:234,2
DA:236,2
DA:237,0
DA:243,2
DA:244,1
DA:250,1
DA:256,1
DA:262,0
DA:263,0
DA:271,0
DA:272,0
DA:274,0
DA:276,0
DA:277,0
DA:278,0
DA:279,0
DA:281,0
DA:282,0
DA:287,0
DA:288,0
DA:289,0
DA:290,0
DA:292,0
DA:294,0
DA:295,0
DA:297,0
DA:309,0
DA:322,0
DA:323,0
LF:93
LH:50
BRDA:25,0,0,0
BRDA:25,1,0,11
BRDA:25,1,1,11
BRDA:25,1,2,11
BRDA:25,1,3,11
BRDA:25,1,4,11
BRDA:25,1,5,11
BRDA:25,1,6,11
BRDA:25,1,7,11
BRDA:41,2,0,11
BRDA:41,2,1,0
BRDA:42,3,0,11
BRDA:42,3,1,11
BRDA:56,4,0,0
BRDA:56,4,1,0
BRDA:66,5,0,0
BRDA:70,6,0,2
BRDA:79,7,0,5
BRDA:79,7,1,5
BRDA:80,8,0,5
BRDA:80,8,1,5
BRDA:102,9,0,0
BRDA:102,9,1,0
BRDA:114,10,0,0
BRDA:129,11,0,0
BRDA:129,11,1,0
BRDA:149,12,0,0
BRDA:149,12,1,0
BRDA:161,13,0,0
BRDA:173,14,0,0
BRDA:184,15,0,1
BRDA:184,15,1,0
BRDA:195,16,0,1
BRDA:195,16,1,0
BRDA:224,17,0,0
BRDA:224,17,1,0
BRDA:236,18,0,0
BRDA:243,19,0,1
BRDA:265,20,0,0
BRDA:265,20,1,0
BRDA:278,21,0,0
BRDA:278,21,1,0
BRDA:279,22,0,0
BRDA:279,22,1,0
BRDA:289,23,0,0
BRDA:289,23,1,0
BRDA:290,24,0,0
BRDA:290,24,1,0
BRDA:301,25,0,0
BRDA:301,25,1,0
BRDA:302,26,0,0
BRDA:302,26,1,0
BRDA:303,27,0,0
BRDA:303,27,1,0
BRDA:325,28,0,0
BRDA:325,28,1,0
BRF:56
BRH:19
end_of_record
TN:
SF:src/controllers/messaging.controller.ts
FN:7,(anonymous_0)
FN:22,(anonymous_1)
FN:35,(anonymous_2)
FN:40,(anonymous_3)
FN:102,(anonymous_4)
FN:126,(anonymous_5)
FN:150,(anonymous_6)
FNF:7
FNH:0
FNDA:0,(anonymous_0)
FNDA:0,(anonymous_1)
FNDA:0,(anonymous_2)
FNDA:0,(anonymous_3)
FNDA:0,(anonymous_4)
FNDA:0,(anonymous_5)
FNDA:0,(anonymous_6)
DA:2,5
DA:3,5
DA:4,5
DA:6,5
DA:8,0
DA:9,0
DA:16,0
DA:18,0
DA:23,0
DA:24,0
DA:25,0
DA:29,0
DA:31,0
DA:36,0
DA:37,0
DA:38,0
DA:40,0
DA:41,0
DA:44,0
DA:52,0
DA:53,0
DA:56,0
DA:57,0
DA:62,0
DA:63,0
DA:64,0
DA:65,0
DA:68,0
DA:82,0
DA:85,0
DA:86,0
DA:89,0
DA:97,0
DA:100,0
DA:101,0
DA:102,0
DA:105,0
DA:106,0
DA:111,0
DA:116,0
DA:117,0
DA:120,0
DA:122,0
DA:127,0
DA:128,0
DA:129,0
DA:131,0
DA:136,0
DA:140,0
DA:141,0
DA:144,0
DA:146,0
DA:151,0
DA:152,0
DA:153,0
DA:158,0
DA:159,0
DA:164,0
DA:166,0
LF:59
LH:4
BRDA:40,0,0,0
BRDA:40,0,1,0
BRDA:41,1,0,0
BRDA:41,1,1,0
BRDA:42,2,0,0
BRDA:42,2,1,0
BRDA:52,3,0,0
BRDA:52,4,0,0
BRDA:52,4,1,0
BRDA:56,5,0,0
BRDA:56,6,0,0
BRDA:56,6,1,0
BRDA:59,7,0,0
BRDA:59,7,1,0
BRDA:62,8,0,0
BRDA:64,9,0,0
BRDA:72,10,0,0
BRDA:72,10,1,0
BRDA:72,11,0,0
BRDA:72,11,1,0
BRDA:76,12,0,0
BRDA:76,12,1,0
BRDA:76,13,0,0
BRDA:76,13,1,0
BRDA:79,14,0,0
BRDA:79,14,1,0
BRDA:85,15,0,0
BRDA:92,16,0,0
BRDA:92,16,1,0
BRDA:92,17,0,0
BRDA:92,17,1,0
BRDA:93,18,0,0
BRDA:93,18,1,0
BRDA:105,19,0,0
BRDA:105,19,1,0
BRDA:116,20,0,0
BRDA:140,21,0,0
BRDA:158,22,0,0
BRF:38
BRH:0
end_of_record
TN:
SF:src/controllers/notification.controller.ts
FN:5,(anonymous_0)
FN:17,(anonymous_1)
FN:30,(anonymous_2)
FN:44,(anonymous_3)
FN:60,(anonymous_4)
FNF:5
FNH:5
FNDA:3,(anonymous_0)
FNDA:1,(anonymous_1)
FNDA:3,(anonymous_2)
FNDA:1,(anonymous_3)
FNDA:3,(anonymous_4)
DA:2,5
DA:4,5
DA:6,3
DA:7,3
DA:11,3
DA:13,0
DA:18,1
DA:19,1
DA:24,1
DA:26,0
DA:31,3
DA:32,3
DA:33,3
DA:38,3
DA:40,0
DA:45,1
DA:46,1
DA:54,1
DA:56,0
DA:61,3
DA:62,3
DA:63,3
DA:65,3
DA:66,1
DA:69,2
DA:71,0
LF:26
LH:21
BRDA:65,0,0,1
BRF:1
BRH:1
end_of_record
TN:
SF:src/controllers/payment.controller.ts
FN:6,(anonymous_1)
FN:43,(anonymous_2)
FN:56,(anonymous_3)
FN:78,(anonymous_4)
FN:95,(anonymous_5)
FN:123,(anonymous_6)
FNF:6
FNH:0
FNDA:0,(anonymous_1)
FNDA:0,(anonymous_2)
FNDA:0,(anonymous_3)
FNDA:0,(anonymous_4)
FNDA:0,(anonymous_5)
FNDA:0,(anonymous_6)
DA:2,5
DA:3,5
DA:4,5
DA:6,5
DA:7,0
DA:8,0
DA:9,0
DA:11,0
DA:12,0
DA:13,0
DA:16,0
DA:17,0
DA:19,0
DA:31,0
DA:33,0
DA:39,0
DA:43,5
DA:44,0
DA:45,0
DA:50,0
DA:52,0
DA:56,5
DA:57,0
DA:58,0
DA:69,0
DA:74,0
DA:78,5
DA:79,0
DA:80,0
DA:81,0
DA:89,0
DA:91,0
DA:95,5
DA:96,0
DA:97,0
DA:98,0
DA:102,0
DA:104,0
DA:108,0
DA:109,0
DA:111,0
DA:115,0
DA:117,0
DA:119,0
DA:123,5
DA:124,0
DA:125,0
DA:126,0
DA:128,0
DA:130,0
DA:134,0
DA:136,0
DA:140,0
DA:142,0
DA:144,0
DA:155,0
DA:157,0
DA:159,0
LF:58
LH:9
BRDA:12,0,0,0
BRDA:71,1,0,0
BRDA:71,1,1,0
BRDA:102,2,0,0
BRDA:102,2,1,0
BRDA:108,3,0,0
BRDA:108,3,1,0
BRDA:115,4,0,0
BRDA:115,4,1,0
BRDA:128,5,0,0
BRDA:128,6,0,0
BRDA:128,6,1,0
BRDA:134,7,0,0
BRDA:134,7,1,0
BRDA:140,8,0,0
BRDA:140,8,1,0
BRDA:142,9,0,0
BRF:17
BRH:0
end_of_record
TN:
SF:src/controllers/profile.controller.ts
FN:7,(anonymous_0)
FN:43,(anonymous_1)
FN:65,(anonymous_2)
FN:93,(anonymous_3)
FNF:4
FNH:4
FNDA:2,(anonymous_0)
FNDA:2,(anonymous_1)
FNDA:3,(anonymous_2)
FNDA:3,(anonymous_3)
DA:2,5
DA:3,5
DA:4,5
DA:6,5
DA:8,2
DA:10,2
DA:11,2
DA:23,0
DA:36,2
DA:38,0
DA:39,0
DA:44,2
DA:45,2
DA:46,2
DA:48,2
DA:49,1
DA:53,1
DA:54,1
DA:56,0
DA:59,1
DA:61,0
DA:66,3
DA:67,3
DA:68,3
DA:69,0
DA:73,3
DA:74,2
DA:80,1
DA:87,3
DA:89,0
DA:94,3
DA:95,3
DA:96,3
DA:98,3
DA:99,1
DA:102,3
DA:103,0
DA:106,3
DA:107,1
DA:110,3
DA:114,3
DA:116,0
DA:117,0
LF:43
LH:33
BRDA:10,0,0,2
BRDA:10,0,1,0
BRDA:48,1,0,1
BRDA:53,2,0,1
BRDA:53,2,1,0
BRDA:68,3,0,0
BRDA:73,4,0,2
BRDA:73,4,1,1
BRDA:98,5,0,1
BRDA:102,6,0,0
BRDA:106,7,0,1
BRF:11
BRH:7
end_of_record
TN:
SF:src/controllers/review.controller.ts
FN:6,(anonymous_0)
FN:67,(anonymous_1)
FNF:2
FNH:0
FNDA:0,(anonymous_0)
FNDA:0,(anonymous_1)
DA:2,5
DA:3,5
DA:5,5
DA:7,0
DA:8,0
DA:9,0
DA:11,0
DA:12,0
DA:18,0
DA:26,0
DA:37,0
DA:38,0
DA:47,0
DA:53,0
DA:54,0
DA:55,0
DA:60,0
DA:68,0
DA:69,0
DA:70,0
DA:72,0
DA:73,0
DA:74,0
DA:76,0
DA:83,0
DA:85,0
DA:96,0
DA:97,0
LF:28
LH:3
BRDA:11,0,0,0
BRDA:11,1,0,0
BRDA:11,1,1,0
BRDA:11,1,2,0
BRDA:37,2,0,0
BRDA:54,3,0,0
BRDA:62,4,0,0
BRDA:62,4,1,0
BRDA:72,5,0,0
BRDA:72,5,1,0
BRDA:73,6,0,0
BRDA:73,6,1,0
BRDA:99,7,0,0
BRDA:99,7,1,0
BRF:14
BRH:0
end_of_record
TN:
SF:src/controllers/support.controller.ts
FN:5,(anonymous_0)
FN:37,(anonymous_1)
FN:56,(anonymous_2)
FN:81,(anonymous_3)
FNF:4
FNH:0
FNDA:0,(anonymous_0)
FNDA:0,(anonymous_1)
FNDA:0,(anonymous_2)
FNDA:0,(anonymous_3)
DA:2,5
DA:4,5
DA:6,0
DA:7,0
DA:8,0
DA:10,0
DA:11,0
DA:17,0
DA:23,0
DA:29,0
DA:30,0
DA:38,0
DA:39,0
DA:40,0
DA:43,0
DA:48,0
DA:49,0
DA:57,0
DA:58,0
DA:59,0
DA:61,0
DA:62,0
DA:64,0
DA:68,0
DA:73,0
DA:74,0
DA:82,0
DA:83,0
DA:84,0
DA:86,0
DA:87,0
DA:88,0
DA:90,0
DA:96,0
DA:97,0
DA:103,0
DA:109,0
DA:110,0
LF:38
LH:2
BRDA:10,0,0,0
BRDA:10,1,0,0
BRDA:10,1,1,0
BRDA:19,2,0,0
BRDA:19,2,1,0
BRDA:32,3,0,0
BRDA:32,3,1,0
BRDA:51,4,0,0
BRDA:51,4,1,0
BRDA:61,5,0,0
BRDA:62,6,0,0
BRDA:76,7,0,0
BRDA:76,7,1,0
BRDA:87,8,0,0
BRDA:88,9,0,0
BRDA:96,10,0,0
BRDA:112,11,0,0
BRDA:112,11,1,0
BRF:18
BRH:0
end_of_record
TN:
SF:src/controllers/user.controller.ts
FN:8,(anonymous_9)
FN:49,(anonymous_10)
FN:75,(anonymous_11)
FN:95,(anonymous_12)
FN:150,(anonymous_13)
FN:167,(anonymous_14)
FN:183,(anonymous_15)
FN:207,(anonymous_16)
FN:239,(anonymous_17)
FN:298,(anonymous_18)
FN:299,(anonymous_19)
FN:328,(anonymous_20)
FN:347,(anonymous_21)
FNF:13
FNH:0
FNDA:0,(anonymous_9)
FNDA:0,(anonymous_10)
FNDA:0,(anonymous_11)
FNDA:0,(anonymous_12)
FNDA:0,(anonymous_13)
FNDA:0,(anonymous_14)
FNDA:0,(anonymous_15)
FNDA:0,(anonymous_16)
FNDA:0,(anonymous_17)
FNDA:0,(anonymous_18)
FNDA:0,(anonymous_19)
FNDA:0,(anonymous_20)
FNDA:0,(anonymous_21)
DA:2,5
DA:3,5
DA:5,5
DA:7,5
DA:9,0
DA:10,0
DA:11,0
DA:13,0
DA:14,0
DA:21,0
DA:22,0
DA:23,0
DA:25,0
DA:26,0
DA:32,0
DA:41,0
DA:42,0
DA:50,0
DA:51,0
DA:53,0
DA:55,0
DA:56,0
DA:62,0
DA:67,0
DA:68,0
DA:76,0
DA:77,0
DA:78,0
DA:79,0
DA:81,0
DA:83,0
DA:88,0
DA:96,0
DA:97,0
DA:99,0
DA:100,0
DA:106,0
DA:107,0
DA:108,0
DA:114,0
DA:115,0
DA:117,0
DA:125,0
DA:126,0
DA:127,0
DA:128,0
DA:131,0
DA:133,0
DA:135,0
DA:141,0
DA:142,0
DA:151,0
DA:152,0
DA:153,0
DA:154,0
DA:160,0
DA:168,0
DA:169,0
DA:170,0
DA:171,0
DA:176,0
DA:184,0
DA:185,0
DA:186,0
DA:188,0
DA:189,0
DA:192,0
DA:194,0
DA:200,0
DA:208,0
DA:209,0
DA:210,0
DA:212,0
DA:213,0
DA:216,0
DA:226,0
DA:231,0
DA:240,0
DA:248,0
DA:266,0
DA:270,0
DA:271,0
DA:297,0
DA:298,0
DA:299,0
DA:300,0
DA:308,0
DA:320,0
DA:321,0
DA:329,0
DA:330,0
DA:332,0
DA:333,0
DA:339,0
DA:340,0
DA:341,0
DA:347,0
DA:348,0
DA:350,0
DA:351,0
DA:353,0
DA:355,0
DA:361,0
DA:362,0
LF:104
LH:4
BRDA:13,0,0,0
BRDA:21,1,0,0
BRDA:21,1,1,0
BRDA:22,2,0,0
BRDA:22,2,1,0
BRDA:44,3,0,0
BRDA:44,3,1,0
BRDA:55,4,0,0
BRDA:70,5,0,0
BRDA:70,5,1,0
BRDA:78,6,0,0
BRDA:78,6,1,0
BRDA:79,7,0,0
BRDA:79,7,1,0
BRDA:88,8,0,0
BRDA:88,8,1,0
BRDA:90,9,0,0
BRDA:90,9,1,0
BRDA:99,10,0,0
BRDA:99,11,0,0
BRDA:99,11,1,0
BRDA:99,11,2,0
BRDA:107,12,0,0
BRDA:121,13,0,0
BRDA:121,13,1,0
BRDA:122,14,0,0
BRDA:122,14,1,0
BRDA:125,15,0,0
BRDA:126,16,0,0
BRDA:127,17,0,0
BRDA:144,18,0,0
BRDA:144,18,1,0
BRDA:160,19,0,0
BRDA:160,19,1,0
BRDA:162,20,0,0
BRDA:162,20,1,0
BRDA:176,21,0,0
BRDA:176,21,1,0
BRDA:178,22,0,0
BRDA:178,22,1,0
BRDA:188,23,0,0
BRDA:200,24,0,0
BRDA:200,24,1,0
BRDA:202,25,0,0
BRDA:202,25,1,0
BRDA:212,26,0,0
BRDA:212,27,0,0
BRDA:212,27,1,0
BRDA:233,28,0,0
BRDA:233,28,1,0
BRDA:266,29,0,0
BRDA:266,29,1,0
BRDA:302,30,0,0
BRDA:302,30,1,0
BRDA:303,31,0,0
BRDA:303,31,1,0
BRDA:304,32,0,0
BRDA:304,32,1,0
BRDA:323,33,0,0
BRDA:323,33,1,0
BRDA:332,34,0,0
BRDA:340,35,0,0
BRDA:350,36,0,0
BRDA:350,36,1,0
BRDA:351,37,0,0
BRDA:351,37,1,0
BRDA:364,38,0,0
BRDA:364,38,1,0
BRF:68
BRH:0
end_of_record
TN:
SF:src/dtos/user.dto.ts
FN:12,(anonymous_1)
FN:28,(anonymous_2)
FNF:2
FNH:2
FNDA:39,(anonymous_1)
FNDA:36,(anonymous_2)
DA:1,5
DA:3,5
DA:13,39
DA:14,1
DA:20,39
DA:21,0
DA:28,36
DA:35,5
LF:8
LH:7
BRDA:13,0,0,1
BRDA:13,1,0,39
BRDA:13,1,1,1
BRDA:20,2,0,0
BRDA:20,3,0,39
BRDA:20,3,1,0
BRDA:30,4,0,36
BRDA:30,4,1,0
BRF:8
BRH:5
end_of_record
TN:
SF:src/errors/http-error.ts
FN:3,(anonymous_0)
FNF:1
FNH:1
FNDA:33,(anonymous_0)
DA:1,5
DA:4,33
DA:5,33
LF:3
LH:3
BRF:0
BRH:0
end_of_record
TN:
SF:src/middleware/admin.middleware.ts
FN:3,(anonymous_0)
FNF:1
FNH:0
FNDA:0,(anonymous_0)
DA:3,5
DA:4,0
DA:5,0
DA:7,0
LF:4
LH:1
BRDA:4,0,0,0
BRDA:4,0,1,0
BRDA:4,1,0,0
BRDA:4,1,1,0
BRF:4
BRH:0
end_of_record
TN:
SF:src/middleware/authorization.middleware.ts
FN:18,(anonymous_1)
FNF:1
FNH:1
FNDA:62,(anonymous_1)
DA:1,5
DA:2,5
DA:4,5
DA:5,5
DA:16,5
DA:18,5
DA:19,62
DA:20,62
DA:21,62
DA:22,62
DA:23,6
DA:24,6
DA:26,56
DA:27,56
DA:28,0
DA:29,0
DA:32,56
DA:33,56
DA:34,55
DA:35,55
DA:36,0
DA:37,0
DA:39,55
DA:40,55
DA:41,0
DA:42,0
DA:44,55
DA:45,55
DA:47,1
DA:48,1
DA:51,7
DA:52,7
LF:32
LH:26
BRDA:22,0,0,6
BRDA:22,1,0,62
BRDA:22,1,1,57
BRDA:27,2,0,0
BRDA:35,3,0,0
BRDA:35,4,0,55
BRDA:35,4,1,55
BRDA:40,5,0,0
BRDA:52,6,0,7
BRDA:52,6,1,0
BRF:10
BRH:6
end_of_record
TN:
SF:src/middleware/brand.middleware.ts
FN:4,(anonymous_0)
FNF:1
FNH:0
FNDA:0,(anonymous_0)
DA:4,5
DA:5,0
DA:6,0
DA:8,0
LF:4
LH:1
BRDA:5,0,0,0
BRDA:5,1,0,0
BRDA:5,1,1,0
BRF:3
BRH:0
end_of_record
TN:
SF:src/middleware/influencer.middleware.ts
FN:4,(anonymous_0)
FNF:1
FNH:0
FNDA:0,(anonymous_0)
DA:4,5
DA:5,0
DA:6,0
DA:8,0
LF:4
LH:1
BRDA:5,0,0,0
BRDA:5,1,0,0
BRDA:5,1,1,0
BRF:3
BRH:0
end_of_record
TN:
SF:src/middleware/upload.middleware.ts
FN:12,(anonymous_1)
FN:15,(anonymous_2)
FN:22,(anonymous_3)
FN:29,(anonymous_4)
FNF:4
FNH:0
FNDA:0,(anonymous_1)
FNDA:0,(anonymous_2)
FNDA:0,(anonymous_3)
FNDA:0,(anonymous_4)
DA:1,5
DA:3,5
DA:4,5
DA:6,5
DA:7,5
DA:8,0
DA:11,5
DA:13,0
DA:16,0
DA:17,0
DA:18,0
DA:22,5
DA:23,0
DA:24,0
DA:26,0
DA:29,5
DA:30,0
DA:39,0
DA:40,0
DA:42,0
DA:46,5
DA:52,5
LF:22
LH:10
BRDA:7,0,0,0
BRDA:23,1,0,0
BRDA:39,2,0,0
BRDA:39,2,1,0
BRF:4
BRH:0
end_of_record
TN:
SF:src/models/application.model.ts
FNF:0
FNH:0
DA:1,5
DA:14,5
DA:40,5
DA:41,5
DA:42,5
DA:44,5
DA:46,5
LF:7
LH:7
BRF:0
BRH:0
end_of_record
TN:
SF:src/models/brand_profile.model.ts
FNF:0
FNH:0
DA:1,5
DA:26,5
DA:51,5
LF:3
LH:3
BRF:0
BRH:0
end_of_record
TN:
SF:src/models/campaign.model.ts
FNF:0
FNH:0
DA:1,5
DA:22,5
DA:44,5
DA:45,5
DA:47,5
LF:5
LH:5
BRF:0
BRH:0
end_of_record
TN:
SF:src/models/conversation.model.ts
FNF:0
FNH:0
DA:1,5
DA:18,5
DA:33,5
DA:35,5
LF:4
LH:4
BRF:0
BRH:0
end_of_record
TN:
SF:src/models/influencer_profile.model.ts
FNF:0
FNH:0
DA:1,5
DA:38,5
DA:74,5
LF:3
LH:3
BRF:0
BRH:0
end_of_record
TN:
SF:src/models/message.model.ts
FNF:0
FNH:0
DA:1,5
DA:24,5
DA:45,5
DA:47,5
LF:4
LH:4
BRF:0
BRH:0
end_of_record
TN:
SF:src/models/notification.model.ts
FNF:0
FNH:0
DA:1,5
DA:27,5
DA:51,5
DA:53,5
LF:4
LH:4
BRF:0
BRH:0
end_of_record
TN:
SF:src/models/review.model.ts
FNF:0
FNH:0
DA:1,5
DA:12,5
DA:22,5
DA:24,5
DA:26,5
LF:5
LH:5
BRF:0
BRH:0
end_of_record
TN:
SF:src/models/support_ticket.model.ts
FNF:0
FNH:0
DA:1,5
DA:14,5
DA:49,5
LF:3
LH:3
BRF:0
BRH:0
end_of_record
TN:
SF:src/models/transaction.model.ts
FNF:0
FNH:0
DA:1,5
DA:19,5
DA:44,5
LF:3
LH:3
BRF:0
BRH:0
end_of_record
TN:
SF:src/models/user.model.ts
FNF:0
FNH:0
DA:1,5
DA:4,5
DA:26,5
LF:3
LH:3
BRF:0
BRH:0
end_of_record
TN:
SF:src/repositories/user.repository.ts
FN:13,(anonymous_0)
FN:18,(anonymous_1)
FN:23,(anonymous_2)
FN:28,(anonymous_3)
FN:38,(anonymous_4)
FN:43,(anonymous_5)
FNF:6
FNH:3
FNDA:11,(anonymous_0)
FNDA:69,(anonymous_1)
FNDA:55,(anonymous_2)
FNDA:0,(anonymous_3)
FNDA:0,(anonymous_4)
FNDA:0,(anonymous_5)
DA:1,5
DA:12,5
DA:14,11
DA:15,11
DA:19,69
DA:20,69
DA:24,55
DA:25,55
DA:29,0
DA:30,0
DA:31,0
DA:35,0
DA:39,0
DA:40,0
DA:44,0
DA:45,0
LF:16
LH:8
BRDA:28,0,0,0
BRDA:28,1,0,0
BRDA:45,2,0,0
BRDA:45,2,1,0
BRF:4
BRH:0
end_of_record
TN:
SF:src/routes/application.route.ts
FNF:0
FNH:0
DA:1,5
DA:2,5
DA:3,5
DA:5,5
DA:6,5
DA:8,5
DA:10,5
DA:11,5
DA:12,5
DA:13,5
DA:15,5
DA:16,5
DA:18,5
DA:20,5
LF:14
LH:14
BRF:0
BRH:0
end_of_record
TN:
SF:src/routes/auth.route.ts
FN:15,(anonymous_0)
FNF:1
FNH:0
FNDA:0,(anonymous_0)
DA:1,5
DA:2,5
DA:3,5
DA:5,5
DA:6,5
DA:8,5
DA:9,5
DA:10,5
DA:11,5
DA:12,5
DA:13,5
DA:15,5
DA:16,0
DA:19,5
LF:14
LH:13
BRF:0
BRH:0
end_of_record
TN:
SF:src/routes/campaign.route.ts
FNF:0
FNH:0
DA:1,5
DA:2,5
DA:3,5
DA:5,5
DA:6,5
DA:8,5
DA:9,5
DA:10,5
DA:11,5
DA:12,5
DA:14,5
DA:15,5
DA:16,5
DA:18,5
DA:20,5
LF:15
LH:15
BRF:0
BRH:0
end_of_record
TN:
SF:src/routes/health.route.ts
FN:6,(anonymous_0)
FN:25,(anonymous_1)
FNF:2
FNH:0
FNDA:0,(anonymous_0)
FNDA:0,(anonymous_1)
DA:1,5
DA:2,5
DA:4,5
DA:6,5
DA:7,0
DA:8,0
DA:10,0
DA:21,0
DA:22,0
DA:25,5
DA:26,0
DA:27,0
DA:29,0
DA:50,0
DA:51,0
DA:54,5
LF:16
LH:6
BRDA:11,0,0,0
BRDA:11,0,1,0
BRDA:18,1,0,0
BRDA:18,1,1,0
BRDA:21,2,0,0
BRDA:21,2,1,0
BRDA:30,3,0,0
BRDA:30,3,1,0
BRDA:36,4,0,0
BRDA:36,4,1,0
BRDA:47,5,0,0
BRDA:47,5,1,0
BRDA:50,6,0,0
BRDA:50,6,1,0
BRF:14
BRH:0
end_of_record
TN:
SF:src/routes/message.route.ts
FNF:0
FNH:0
DA:1,5
DA:2,5
DA:3,5
DA:4,5
DA:6,5
DA:8,5
DA:9,5
DA:10,5
DA:11,5
DA:12,5
DA:14,5
LF:11
LH:11
BRF:0
BRH:0
end_of_record
TN:
SF:src/routes/notification.route.ts
FNF:0
FNH:0
DA:1,5
DA:2,5
DA:3,5
DA:5,5
DA:7,5
DA:8,5
DA:9,5
DA:10,5
DA:11,5
DA:12,5
DA:14,5
LF:11
LH:11
BRF:0
BRH:0
end_of_record
TN:
SF:src/routes/payment.route.ts
FNF:0
FNH:0
DA:1,5
DA:2,5
DA:3,5
DA:4,5
DA:5,5
DA:7,5
DA:9,5
DA:10,5
DA:11,5
DA:13,5
DA:14,5
DA:15,5
DA:17,5
LF:13
LH:13
BRF:0
BRH:0
end_of_record
TN:
SF:src/routes/profile.route.ts
FNF:0
FNH:0
DA:1,5
DA:2,5
DA:3,5
DA:4,5
DA:6,5
DA:8,5
DA:9,5
DA:10,5
DA:12,5
DA:14,5
LF:10
LH:10
BRF:0
BRH:0
end_of_record
TN:
SF:src/routes/review.route.ts
FNF:0
FNH:0
DA:1,5
DA:2,5
DA:3,5
DA:5,5
DA:6,5
DA:8,5
DA:10,5
DA:12,5
LF:8
LH:8
BRF:0
BRH:0
end_of_record
TN:
SF:src/routes/support.route.ts
FNF:0
FNH:0
DA:1,5
DA:2,5
DA:3,5
DA:5,5
DA:6,5
DA:8,5
DA:9,5
DA:11,5
DA:12,5
DA:14,5
LF:10
LH:10
BRF:0
BRH:0
end_of_record
TN:
SF:src/routes/user.route.ts
FNF:0
FNH:0
DA:1,5
DA:2,5
DA:3,5
DA:4,5
DA:5,5
DA:6,5
DA:8,5
DA:9,5
DA:11,5
DA:13,5
DA:15,5
DA:17,5
DA:18,5
DA:19,5
DA:20,5
DA:21,5
DA:22,5
DA:24,5
DA:26,5
LF:19
LH:19
BRF:0
BRH:0
end_of_record
TN:
SF:src/services/email.service.ts
FN:7,(anonymous_1)
FN:19,(anonymous_2)
FN:50,(anonymous_3)
FNF:3
FNH:0
FNDA:0,(anonymous_1)
FNDA:0,(anonymous_2)
FNDA:0,(anonymous_3)
DA:1,5
DA:2,5
DA:4,5
DA:8,0
DA:20,0
DA:21,0
DA:39,0
DA:40,0
DA:41,0
DA:42,0
DA:43,0
DA:45,0
DA:46,0
DA:51,0
DA:52,0
DA:71,0
DA:72,0
DA:73,0
DA:74,0
DA:75,0
DA:76,0
DA:78,0
DA:79,0
LF:23
LH:3
BRDA:20,0,0,0
BRDA:20,0,1,0
BRDA:51,1,0,0
BRDA:51,1,1,0
BRF:4
BRH:0
end_of_record
TN:
SF:src/services/user.service.ts
FN:12,(anonymous_1)
FN:16,(anonymous_2)
FN:31,(anonymous_3)
FN:53,(anonymous_4)
FN:57,(anonymous_5)
FN:65,(anonymous_6)
FN:73,(anonymous_7)
FN:81,(anonymous_8)
FN:101,(anonymous_9)
FN:127,(anonymous_10)
FNF:10
FNH:3
FNDA:10,(anonymous_1)
FNDA:36,(anonymous_2)
FNDA:33,(anonymous_3)
FNDA:0,(anonymous_4)
FNDA:0,(anonymous_5)
FNDA:0,(anonymous_6)
FNDA:0,(anonymous_7)
FNDA:0,(anonymous_8)
FNDA:0,(anonymous_9)
FNDA:0,(anonymous_10)
DA:1,5
DA:2,5
DA:4,5
DA:5,5
DA:6,5
DA:7,5
DA:9,5
DA:13,10
DA:17,36
DA:18,36
DA:19,25
DA:21,11
DA:23,11
DA:24,11
DA:26,11
DA:28,11
DA:32,33
DA:33,33
DA:34,0
DA:37,33
DA:38,33
DA:39,1
DA:42,32
DA:48,32
DA:50,32
DA:54,0
DA:58,0
DA:59,0
DA:60,0
DA:62,0
DA:66,0
DA:67,0
DA:68,0
DA:70,0
DA:74,0
DA:75,0
DA:76,0
DA:78,0
DA:82,0
DA:83,0
DA:84,0
DA:87,0
DA:88,0
DA:90,0
DA:91,0
DA:93,0
DA:98,0
DA:102,0
DA:106,0
DA:107,0
DA:108,0
DA:109,0
DA:110,0
DA:114,0
DA:115,0
DA:118,0
DA:119,0
DA:120,0
DA:121,0
DA:122,0
DA:124,0
DA:128,0
DA:129,0
DA:130,0
DA:133,0
DA:134,0
DA:135,0
DA:138,0
DA:139,0
DA:141,0
LF:70
LH:24
BRDA:13,0,0,10
BRDA:13,0,1,10
BRDA:18,1,0,25
BRDA:33,2,0,0
BRDA:38,3,0,1
BRDA:53,4,0,0
BRDA:53,5,0,0
BRDA:59,6,0,0
BRDA:67,7,0,0
BRDA:75,8,0,0
BRDA:83,9,0,0
BRDA:108,10,0,0
BRDA:108,11,0,0
BRDA:108,11,1,0
BRDA:114,12,0,0
BRDA:129,13,0,0
BRDA:134,14,0,0
BRF:17
BRH:4
end_of_record
