TN:
SF:src/app.ts
FN:44,(anonymous_1)
FN:53,(anonymous_2)
FN:59,(anonymous_3)
FNF:3
FNH:0
FNDA:0,(anonymous_1)
FNDA:0,(anonymous_2)
FNDA:0,(anonymous_3)
DA:1,5
DA:2,5
DA:3,5
DA:4,5
DA:5,5
DA:6,5
DA:7,5
DA:8,5
DA:9,5
DA:10,5
DA:11,5
DA:12,5
DA:13,5
DA:14,5
DA:15,5
DA:17,5
DA:19,5
DA:23,5
DA:24,5
DA:25,5
DA:26,5
DA:29,5
DA:30,5
DA:31,5
DA:32,5
DA:33,5
DA:34,5
DA:35,5
DA:36,5
DA:37,5
DA:40,5
DA:45,0
DA:49,5
DA:54,0
DA:59,5
DA:60,0
DA:63,5
LF:37
LH:34
BRF:0
BRH:0
end_of_record
TN:
SF:src/controllers/application.controller.ts
FN:9,(anonymous_1)
FN:73,(anonymous_2)
FN:122,(anonymous_3)
FN:151,(anonymous_4)
FN:237,(anonymous_5)
FN:318,(anonymous_6)
FNF:6
FNH:6
FNDA:2,(anonymous_1)
FNDA:2,(anonymous_2)
FNDA:3,(anonymous_3)
FNDA:4,(anonymous_4)
FNDA:1,(anonymous_5)
FNDA:1,(anonymous_6)
DA:2,5
DA:3,5
DA:4,5
DA:7,5
DA:10,2
DA:11,2
DA:12,2
DA:14,2
DA:15,0
DA:22,2
DA:23,2
DA:24,0
DA:31,2
DA:36,2
DA:37,1
DA:44,1
DA:53,1
DA:58,1
DA:64,0
DA:65,0
DA:74,2
DA:75,2
DA:76,2
DA:77,2
DA:80,2
DA:81,2
DA:82,0
DA:89,2
DA:90,1
DA:97,1
DA:98,1
DA:99,0
DA:103,1
DA:108,1
DA:113,0
DA:114,0
DA:123,3
DA:124,3
DA:125,3
DA:127,3
DA:128,3
DA:129,0
DA:132,3
DA:137,3
DA:142,0
DA:143,0
DA:152,4
DA:153,4
DA:154,4
DA:155,4
DA:156,4
DA:158,4
DA:159,4
DA:160,4
DA:161,4
DA:162,4
DA:163,4
DA:166,4
DA:167,1
DA:174,3
DA:175,3
DA:176,0
DA:177,0
DA:183,3
DA:192,3
DA:193,3
DA:195,3
DA:202,3
DA:203,1
DA:204,1
DA:210,2
DA:213,2
DA:214,2
DA:217,2
DA:218,2
DA:220,2
DA:222,2
DA:228,0
DA:229,0
DA:238,1
DA:239,1
DA:240,1
DA:241,1
DA:243,1
DA:244,1
DA:245,1
DA:246,1
DA:247,1
DA:249,1
DA:254,1
DA:255,0
DA:256,0
DA:262,1
DA:274,1
DA:278,1
DA:282,1
DA:284,1
DA:292,1
DA:293,1
DA:295,1
DA:296,0
DA:297,0
DA:303,1
DA:304,1
DA:309,0
DA:310,0
DA:319,1
DA:320,1
DA:323,1
DA:343,1
DA:349,1
DA:354,0
DA:355,0
LF:113
LH:90
BRDA:14,0,0,0
BRDA:23,1,0,0
BRDA:36,2,0,1
BRDA:48,3,0,1
BRDA:48,3,1,0
BRDA:67,4,0,0
BRDA:67,4,1,0
BRDA:81,5,0,0
BRDA:89,6,0,1
BRDA:98,7,0,0
BRDA:116,8,0,0
BRDA:116,8,1,0
BRDA:128,9,0,0
BRDA:145,10,0,0
BRDA:145,10,1,0
BRDA:166,11,0,1
BRDA:166,12,0,4
BRDA:166,12,1,4
BRDA:175,13,0,0
BRDA:202,14,0,1
BRDA:231,15,0,0
BRDA:231,15,1,0
BRDA:254,16,0,0
BRDA:274,17,0,1
BRDA:274,17,1,0
BRDA:278,18,0,1
BRDA:278,18,1,0
BRDA:295,19,0,0
BRDA:295,20,0,1
BRDA:295,20,1,0
BRDA:312,21,0,0
BRDA:312,21,1,0
BRDA:343,22,0,1
BRDA:343,22,1,0
BRDA:357,23,0,0
BRDA:357,23,1,0
BRF:36
BRH:11
end_of_record
TN:
SF:src/controllers/auth.controller.ts
FN:12,(anonymous_1)
FN:47,(anonymous_2)
FN:83,(anonymous_3)
FN:114,(anonymous_4)
FN:132,(anonymous_5)
FNF:5
FNH:3
FNDA:13,(anonymous_1)
FNDA:10,(anonymous_2)
FNDA:0,(anonymous_3)
FNDA:0,(anonymous_4)
FNDA:1,(anonymous_5)
DA:1,5
DA:3,5
DA:4,5
DA:5,5
DA:6,5
DA:7,5
DA:9,5
DA:11,5
DA:13,13
DA:14,13
DA:15,13
DA:16,4
DA:21,9
DA:24,8
DA:34,8
DA:40,1
DA:48,10
DA:49,10
DA:50,10
DA:51,10
DA:52,0
DA:57,10
DA:60,9
DA:70,9
DA:76,1
DA:84,0
DA:85,0
DA:86,0
DA:88,0
DA:89,0
DA:91,0
DA:92,0
DA:93,0
DA:94,0
DA:95,0
DA:97,0
DA:101,0
DA:106,0
DA:107,0
DA:115,0
DA:116,0
DA:117,0
DA:119,0
DA:120,0
DA:125,0
DA:133,1
DA:134,1
DA:135,1
DA:137,1
DA:143,0
LF:50
LH:28
BRDA:15,0,0,4
BRDA:25,1,0,8
BRDA:25,1,1,0
BRDA:27,2,0,8
BRDA:27,2,1,0
BRDA:28,3,0,8
BRDA:28,3,1,0
BRDA:29,4,0,8
BRDA:29,4,1,0
BRDA:30,5,0,8
BRDA:30,5,1,0
BRDA:31,6,0,8
BRDA:31,6,1,0
BRDA:40,7,0,1
BRDA:40,7,1,0
BRDA:42,8,0,1
BRDA:42,8,1,0
BRDA:51,9,0,0
BRDA:61,10,0,9
BRDA:61,10,1,0
BRDA:63,11,0,9
BRDA:63,11,1,0
BRDA:64,12,0,9
BRDA:64,12,1,0
BRDA:65,13,0,9
BRDA:65,13,1,0
BRDA:66,14,0,9
BRDA:66,14,1,0
BRDA:67,15,0,9
BRDA:67,15,1,0
BRDA:76,16,0,1
BRDA:76,16,1,0
BRDA:78,17,0,1
BRDA:78,17,1,0
BRDA:86,18,0,0
BRDA:91,19,0,0
BRDA:107,20,0,0
BRDA:107,20,1,0
BRDA:109,21,0,0
BRDA:109,21,1,0
BRDA:117,22,0,0
BRDA:117,23,0,0
BRDA:117,23,1,0
BRDA:125,24,0,0
BRDA:125,24,1,0
BRDA:127,25,0,0
BRDA:127,25,1,0
BRDA:135,26,0,0
BRDA:143,27,0,0
BRDA:143,27,1,0
BRDA:145,28,0,0
BRDA:145,28,1,0
BRF:52
BRH:17
end_of_record
TN:
SF:src/controllers/campaign.controller.ts
FN:9,(anonymous_0)
FN:64,(anonymous_1)
FN:113,(anonymous_2)
FN:141,(anonymous_3)
FN:162,(anonymous_4)
FN:244,(anonymous_5)
FN:287,(anonymous_6)
FN:294,(anonymous_7)
FN:295,(anonymous_8)
FN:296,(anonymous_9)
FN:299,(anonymous_10)
FN:311,(anonymous_11)
FN:315,(anonymous_12)
FN:317,(anonymous_13)
FNF:14
FNH:5
FNDA:2,(anonymous_0)
FNDA:5,(anonymous_1)
FNDA:1,(anonymous_2)
FNDA:0,(anonymous_3)
FNDA:1,(anonymous_4)
FNDA:2,(anonymous_5)
FNDA:0,(anonymous_6)
FNDA:0,(anonymous_7)
FNDA:0,(anonymous_8)
FNDA:0,(anonymous_9)
FNDA:0,(anonymous_10)
FNDA:0,(anonymous_11)
FNDA:0,(anonymous_12)
FNDA:0,(anonymous_13)
DA:3,5
DA:4,5
DA:5,5
DA:7,5
DA:10,2
DA:11,2
DA:24,2
DA:27,2
DA:28,0
DA:34,2
DA:49,2
DA:55,0
DA:56,0
DA:65,5
DA:66,5
DA:67,5
DA:69,5
DA:70,0
DA:74,5
DA:75,2
DA:84,5
DA:85,5
DA:86,5
DA:88,5
DA:89,5
DA:95,5
DA:104,0
DA:105,0
DA:114,1
DA:115,1
DA:117,1
DA:120,1
DA:121,0
DA:127,1
DA:132,0
DA:133,0
DA:142,0
DA:143,0
DA:145,0
DA:148,0
DA:153,0
DA:154,0
DA:163,1
DA:164,1
DA:165,1
DA:166,1
DA:169,1
DA:170,1
DA:171,0
DA:178,1
DA:183,1
DA:184,0
DA:191,1
DA:200,1
DA:201,1
DA:202,1
DA:219,0
DA:224,1
DA:229,1
DA:235,0
DA:236,0
DA:245,2
DA:246,2
DA:247,2
DA:249,2
DA:251,2
DA:252,0
DA:259,2
DA:260,1
DA:266,1
DA:272,1
DA:278,0
DA:279,0
DA:288,0
DA:289,0
DA:291,0
DA:293,0
DA:294,0
DA:295,0
DA:296,0
DA:299,0
DA:300,0
DA:306,0
DA:307,0
DA:308,0
DA:309,0
DA:311,0
DA:314,0
DA:315,0
DA:317,0
DA:329,0
DA:342,0
DA:343,0
LF:93
LH:50
BRDA:27,0,0,0
BRDA:27,1,0,2
BRDA:27,1,1,2
BRDA:27,1,2,2
BRDA:27,1,3,2
BRDA:27,1,4,2
BRDA:27,1,5,2
BRDA:27,1,6,2
BRDA:27,1,7,2
BRDA:43,2,0,2
BRDA:43,2,1,0
BRDA:44,3,0,2
BRDA:44,3,1,2
BRDA:58,4,0,0
BRDA:58,4,1,0
BRDA:69,5,0,0
BRDA:74,6,0,2
BRDA:84,7,0,5
BRDA:84,7,1,5
BRDA:85,8,0,5
BRDA:85,8,1,5
BRDA:107,9,0,0
BRDA:107,9,1,0
BRDA:120,10,0,0
BRDA:135,11,0,0
BRDA:135,11,1,0
BRDA:156,12,0,0
BRDA:156,12,1,0
BRDA:170,13,0,0
BRDA:183,14,0,0
BRDA:195,15,0,1
BRDA:195,15,1,0
BRDA:207,16,0,1
BRDA:207,16,1,0
BRDA:238,17,0,0
BRDA:238,17,1,0
BRDA:251,18,0,0
BRDA:259,19,0,1
BRDA:281,20,0,0
BRDA:281,20,1,0
BRDA:295,21,0,0
BRDA:295,21,1,0
BRDA:296,22,0,0
BRDA:296,22,1,0
BRDA:308,23,0,0
BRDA:308,23,1,0
BRDA:309,24,0,0
BRDA:309,24,1,0
BRDA:321,25,0,0
BRDA:321,25,1,0
BRDA:322,26,0,0
BRDA:322,26,1,0
BRDA:323,27,0,0
BRDA:323,27,1,0
BRDA:345,28,0,0
BRDA:345,28,1,0
BRF:56
BRH:19
end_of_record
TN:
SF:src/controllers/messaging.controller.ts
FN:8,(anonymous_0)
FN:24,(anonymous_1)
FN:38,(anonymous_2)
FN:97,(anonymous_3)
FN:123,(anonymous_4)
FNF:5
FNH:0
FNDA:0,(anonymous_0)
FNDA:0,(anonymous_1)
FNDA:0,(anonymous_2)
FNDA:0,(anonymous_3)
FNDA:0,(anonymous_4)
DA:2,5
DA:3,5
DA:4,5
DA:6,5
DA:9,0
DA:10,0
DA:17,0
DA:19,0
DA:25,0
DA:26,0
DA:27,0
DA:31,0
DA:33,0
DA:39,0
DA:40,0
DA:41,0
DA:44,0
DA:45,0
DA:50,0
DA:51,0
DA:52,0
DA:53,0
DA:56,0
DA:70,0
DA:73,0
DA:82,0
DA:88,0
DA:90,0
DA:92,0
DA:98,0
DA:99,0
DA:100,0
DA:103,0
DA:109,0
DA:114,0
DA:116,0
DA:118,0
DA:124,0
DA:125,0
DA:126,0
DA:131,0
DA:133,0
DA:138,0
DA:140,0
LF:44
LH:4
BRDA:44,0,0,0
BRDA:44,1,0,0
BRDA:44,1,1,0
BRDA:47,2,0,0
BRDA:47,2,1,0
BRDA:50,3,0,0
BRDA:52,4,0,0
BRDA:60,5,0,0
BRDA:60,5,1,0
BRDA:60,6,0,0
BRDA:60,6,1,0
BRDA:64,7,0,0
BRDA:64,7,1,0
BRDA:64,8,0,0
BRDA:64,8,1,0
BRDA:67,9,0,0
BRDA:67,9,1,0
BRDA:76,10,0,0
BRDA:76,10,1,0
BRDA:76,11,0,0
BRDA:76,11,1,0
BRDA:78,12,0,0
BRDA:78,12,1,0
BRDA:131,13,0,0
BRF:24
BRH:0
end_of_record
TN:
SF:src/controllers/notification.controller.ts
FN:6,(anonymous_0)
FN:19,(anonymous_1)
FN:33,(anonymous_2)
FN:48,(anonymous_3)
FN:65,(anonymous_4)
FNF:5
FNH:5
FNDA:3,(anonymous_0)
FNDA:1,(anonymous_1)
FNDA:3,(anonymous_2)
FNDA:1,(anonymous_3)
FNDA:2,(anonymous_4)
DA:2,5
DA:4,5
DA:7,3
DA:8,3
DA:12,3
DA:14,0
DA:20,1
DA:21,1
DA:26,1
DA:28,0
DA:34,3
DA:35,3
DA:36,3
DA:41,3
DA:43,0
DA:49,1
DA:50,1
DA:58,1
DA:60,0
DA:66,2
DA:67,2
DA:68,2
DA:70,2
DA:71,1
DA:74,1
DA:76,0
LF:26
LH:21
BRDA:70,0,0,1
BRF:1
BRH:1
end_of_record
TN:
SF:src/controllers/payment.controller.ts
FN:6,(anonymous_1)
FN:47,(anonymous_2)
FN:60,(anonymous_3)
FN:82,(anonymous_4)
FN:99,(anonymous_5)
FN:127,(anonymous_6)
FNF:6
FNH:0
FNDA:0,(anonymous_1)
FNDA:0,(anonymous_2)
FNDA:0,(anonymous_3)
FNDA:0,(anonymous_4)
FNDA:0,(anonymous_5)
FNDA:0,(anonymous_6)
DA:2,5
DA:3,5
DA:4,5
DA:6,5
DA:7,0
DA:8,0
DA:9,0
DA:11,0
DA:12,0
DA:13,0
DA:17,0
DA:18,0
DA:23,0
DA:35,0
DA:37,0
DA:43,0
DA:47,5
DA:48,0
DA:49,0
DA:54,0
DA:56,0
DA:60,5
DA:61,0
DA:62,0
DA:73,0
DA:78,0
DA:82,5
DA:83,0
DA:84,0
DA:85,0
DA:93,0
DA:95,0
DA:99,5
DA:100,0
DA:101,0
DA:102,0
DA:106,0
DA:108,0
DA:112,0
DA:113,0
DA:115,0
DA:119,0
DA:121,0
DA:123,0
DA:127,5
DA:128,0
DA:129,0
DA:130,0
DA:132,0
DA:134,0
DA:138,0
DA:140,0
DA:144,0
DA:146,0
DA:148,0
DA:159,0
DA:161,0
DA:163,0
LF:58
LH:9
BRDA:12,0,0,0
BRDA:75,1,0,0
BRDA:75,1,1,0
BRDA:106,2,0,0
BRDA:106,2,1,0
BRDA:112,3,0,0
BRDA:112,3,1,0
BRDA:119,4,0,0
BRDA:119,4,1,0
BRDA:132,5,0,0
BRDA:132,6,0,0
BRDA:132,6,1,0
BRDA:138,7,0,0
BRDA:138,7,1,0
BRDA:144,8,0,0
BRDA:144,8,1,0
BRDA:146,9,0,0
BRF:17
BRH:0
end_of_record
TN:
SF:src/controllers/profile.controller.ts
FN:8,(anonymous_0)
FN:49,(anonymous_1)
FN:72,(anonymous_2)
FN:102,(anonymous_3)
FNF:4
FNH:4
FNDA:2,(anonymous_0)
FNDA:2,(anonymous_1)
FNDA:3,(anonymous_2)
FNDA:3,(anonymous_3)
DA:2,5
DA:3,5
DA:4,5
DA:6,5
DA:9,2
DA:11,2
DA:14,2
DA:16,2
DA:28,0
DA:41,2
DA:43,0
DA:44,0
DA:50,2
DA:51,2
DA:52,2
DA:54,2
DA:55,1
DA:59,1
DA:60,1
DA:62,0
DA:65,1
DA:67,0
DA:73,3
DA:75,3
DA:76,3
DA:77,0
DA:81,3
DA:82,2
DA:88,1
DA:95,3
DA:97,0
DA:103,3
DA:104,3
DA:105,3
DA:107,3
DA:108,1
DA:111,3
DA:112,0
DA:117,3
DA:118,1
DA:121,3
DA:125,3
DA:127,0
DA:128,0
LF:44
LH:34
BRDA:11,0,0,2
BRDA:11,0,1,0
BRDA:54,1,0,1
BRDA:59,2,0,1
BRDA:59,2,1,0
BRDA:76,3,0,0
BRDA:81,4,0,2
BRDA:81,4,1,1
BRDA:107,5,0,1
BRDA:111,6,0,0
BRDA:117,7,0,1
BRF:11
BRH:7
end_of_record
TN:
SF:src/controllers/review.controller.ts
FN:7,(anonymous_0)
FN:72,(anonymous_1)
FNF:2
FNH:0
FNDA:0,(anonymous_0)
FNDA:0,(anonymous_1)
DA:2,5
DA:3,5
DA:5,5
DA:8,0
DA:9,0
DA:10,0
DA:12,0
DA:13,0
DA:20,0
DA:29,0
DA:40,0
DA:41,0
DA:50,0
DA:56,0
DA:58,0
DA:59,0
DA:64,0
DA:73,0
DA:74,0
DA:75,0
DA:77,0
DA:78,0
DA:79,0
DA:81,0
DA:88,0
DA:90,0
DA:101,0
DA:102,0
LF:28
LH:3
BRDA:12,0,0,0
BRDA:12,1,0,0
BRDA:12,1,1,0
BRDA:12,1,2,0
BRDA:40,2,0,0
BRDA:58,3,0,0
BRDA:66,4,0,0
BRDA:66,4,1,0
BRDA:77,5,0,0
BRDA:77,5,1,0
BRDA:78,6,0,0
BRDA:78,6,1,0
BRDA:104,7,0,0
BRDA:104,7,1,0
BRF:14
BRH:0
end_of_record
TN:
SF:src/controllers/user.controller.ts
FN:9,(anonymous_0)
FN:51,(anonymous_1)
FN:78,(anonymous_2)
FN:99,(anonymous_3)
FN:117,(anonymous_4)
FN:134,(anonymous_5)
FN:159,(anonymous_6)
FNF:7
FNH:0
FNDA:0,(anonymous_0)
FNDA:0,(anonymous_1)
FNDA:0,(anonymous_2)
FNDA:0,(anonymous_3)
FNDA:0,(anonymous_4)
FNDA:0,(anonymous_5)
FNDA:0,(anonymous_6)
DA:2,5
DA:3,5
DA:5,5
DA:7,5
DA:10,0
DA:11,0
DA:12,0
DA:14,0
DA:15,0
DA:22,0
DA:23,0
DA:24,0
DA:26,0
DA:27,0
DA:33,0
DA:42,0
DA:43,0
DA:52,0
DA:53,0
DA:55,0
DA:57,0
DA:58,0
DA:64,0
DA:69,0
DA:70,0
DA:79,0
DA:80,0
DA:81,0
DA:82,0
DA:84,0
DA:86,0
DA:91,0
DA:100,0
DA:101,0
DA:102,0
DA:103,0
DA:109,0
DA:118,0
DA:119,0
DA:120,0
DA:121,0
DA:126,0
DA:135,0
DA:136,0
DA:137,0
DA:139,0
DA:140,0
DA:143,0
DA:145,0
DA:151,0
DA:160,0
DA:161,0
DA:162,0
DA:164,0
DA:165,0
DA:168,0
DA:178,0
DA:183,0
LF:58
LH:4
BRDA:14,0,0,0
BRDA:22,1,0,0
BRDA:22,1,1,0
BRDA:23,2,0,0
BRDA:23,2,1,0
BRDA:45,3,0,0
BRDA:45,3,1,0
BRDA:57,4,0,0
BRDA:72,5,0,0
BRDA:72,5,1,0
BRDA:81,6,0,0
BRDA:81,6,1,0
BRDA:82,7,0,0
BRDA:82,7,1,0
BRDA:91,8,0,0
BRDA:91,8,1,0
BRDA:93,9,0,0
BRDA:93,9,1,0
BRDA:109,10,0,0
BRDA:109,10,1,0
BRDA:111,11,0,0
BRDA:111,11,1,0
BRDA:126,12,0,0
BRDA:126,12,1,0
BRDA:128,13,0,0
BRDA:128,13,1,0
BRDA:139,14,0,0
BRDA:151,15,0,0
BRDA:151,15,1,0
BRDA:153,16,0,0
BRDA:153,16,1,0
BRDA:164,17,0,0
BRDA:164,18,0,0
BRDA:164,18,1,0
BRDA:185,19,0,0
BRDA:185,19,1,0
BRF:36
BRH:0
end_of_record
TN:
SF:src/dtos/user.dto.ts
FN:15,(anonymous_1)
FN:31,(anonymous_2)
FNF:2
FNH:2
FNDA:12,(anonymous_1)
FNDA:9,(anonymous_2)
DA:1,5
DA:5,5
DA:16,12
DA:17,1
DA:23,12
DA:24,0
DA:31,9
DA:38,5
LF:8
LH:7
BRDA:16,0,0,1
BRDA:16,1,0,12
BRDA:16,1,1,1
BRDA:23,2,0,0
BRDA:23,3,0,12
BRDA:23,3,1,0
BRDA:33,4,0,9
BRDA:33,4,1,0
BRF:8
BRH:5
end_of_record
TN:
SF:src/errors/http-error.ts
FN:3,(anonymous_0)
FNF:1
FNH:1
FNDA:9,(anonymous_0)
DA:1,5
DA:4,9
DA:5,9
LF:3
LH:3
BRF:0
BRH:0
end_of_record
TN:
SF:src/middleware/admin.middleware.ts
FN:3,(anonymous_0)
FNF:1
FNH:0
FNDA:0,(anonymous_0)
DA:3,5
DA:4,0
DA:5,0
DA:7,0
LF:4
LH:1
BRDA:4,0,0,0
BRDA:4,0,1,0
BRDA:4,1,0,0
BRDA:4,1,1,0
BRF:4
BRH:0
end_of_record
TN:
SF:src/middleware/authorization.middleware.ts
FN:19,(anonymous_1)
FNF:1
FNH:1
FNDA:52,(anonymous_1)
DA:1,5
DA:2,5
DA:4,5
DA:5,5
DA:17,5
DA:19,5
DA:20,52
DA:21,52
DA:22,52
DA:23,52
DA:24,6
DA:25,6
DA:27,46
DA:28,46
DA:29,0
DA:30,0
DA:33,46
DA:34,46
DA:35,45
DA:36,45
DA:37,0
DA:38,0
DA:40,45
DA:41,45
DA:42,0
DA:43,0
DA:46,45
DA:47,45
DA:49,1
DA:50,1
DA:53,7
DA:54,7
LF:32
LH:26
BRDA:23,0,0,6
BRDA:23,1,0,52
BRDA:23,1,1,47
BRDA:28,2,0,0
BRDA:36,3,0,0
BRDA:36,4,0,45
BRDA:36,4,1,45
BRDA:41,5,0,0
BRDA:54,6,0,7
BRDA:54,6,1,0
BRF:10
BRH:6
end_of_record
TN:
SF:src/middleware/brand.middleware.ts
FN:4,(anonymous_0)
FNF:1
FNH:0
FNDA:0,(anonymous_0)
DA:4,5
DA:5,0
DA:6,0
DA:8,0
LF:4
LH:1
BRDA:5,0,0,0
BRDA:5,1,0,0
BRDA:5,1,1,0
BRF:3
BRH:0
end_of_record
TN:
SF:src/middleware/influencer.middleware.ts
FN:4,(anonymous_0)
FNF:1
FNH:0
FNDA:0,(anonymous_0)
DA:4,5
DA:5,0
DA:6,0
DA:8,0
LF:4
LH:1
BRDA:5,0,0,0
BRDA:5,1,0,0
BRDA:5,1,1,0
BRF:3
BRH:0
end_of_record
TN:
SF:src/middleware/upload.middleware.ts
FN:13,(anonymous_1)
FN:16,(anonymous_2)
FN:23,(anonymous_3)
FNF:3
FNH:0
FNDA:0,(anonymous_1)
FNDA:0,(anonymous_2)
FNDA:0,(anonymous_3)
DA:1,5
DA:3,5
DA:4,5
DA:7,5
DA:8,5
DA:9,0
DA:12,5
DA:14,0
DA:17,0
DA:18,0
DA:19,0
DA:23,5
DA:25,0
DA:26,0
DA:28,0
DA:31,5
LF:16
LH:8
BRDA:8,0,0,0
BRDA:25,1,0,0
BRF:2
BRH:0
end_of_record
TN:
SF:src/models/application.model.ts
FNF:0
FNH:0
DA:1,5
DA:14,5
DA:41,5
DA:42,5
DA:43,5
DA:46,5
DA:48,5
LF:7
LH:7
BRF:0
BRH:0
end_of_record
TN:
SF:src/models/brand_profile.model.ts
FNF:0
FNH:0
DA:1,5
DA:26,5
DA:51,5
LF:3
LH:3
BRF:0
BRH:0
end_of_record
TN:
SF:src/models/campaign.model.ts
FNF:0
FNH:0
DA:1,5
DA:22,5
DA:45,5
DA:46,5
DA:48,5
LF:5
LH:5
BRF:0
BRH:0
end_of_record
TN:
SF:src/models/conversation.model.ts
FNF:0
FNH:0
DA:1,5
DA:18,5
DA:34,5
DA:36,5
LF:4
LH:4
BRF:0
BRH:0
end_of_record
TN:
SF:src/models/influencer_profile.model.ts
FNF:0
FNH:0
DA:1,5
DA:34,5
DA:66,5
LF:3
LH:3
BRF:0
BRH:0
end_of_record
TN:
SF:src/models/message.model.ts
FNF:0
FNH:0
DA:1,5
DA:24,5
DA:46,5
DA:48,5
LF:4
LH:4
BRF:0
BRH:0
end_of_record
TN:
SF:src/models/notification.model.ts
FNF:0
FNH:0
DA:1,5
DA:27,5
DA:52,5
DA:54,5
LF:4
LH:4
BRF:0
BRH:0
end_of_record
TN:
SF:src/models/review.model.ts
FNF:0
FNH:0
DA:1,5
DA:12,5
DA:23,5
DA:26,5
DA:28,5
LF:5
LH:5
BRF:0
BRH:0
end_of_record
TN:
SF:src/models/transaction.model.ts
FNF:0
FNH:0
DA:1,5
DA:19,5
DA:44,5
LF:3
LH:3
BRF:0
BRH:0
end_of_record
TN:
SF:src/models/user.model.ts
FNF:0
FNH:0
DA:1,5
DA:4,5
DA:27,5
LF:3
LH:3
BRF:0
BRH:0
end_of_record
TN:
SF:src/repositories/user.repository.ts
FN:14,(anonymous_0)
FN:19,(anonymous_1)
FN:29,(anonymous_2)
FN:34,(anonymous_3)
FN:44,(anonymous_4)
FN:49,(anonymous_5)
FNF:6
FNH:3
FNDA:8,(anonymous_0)
FNDA:19,(anonymous_1)
FNDA:45,(anonymous_2)
FNDA:0,(anonymous_3)
FNDA:0,(anonymous_4)
FNDA:0,(anonymous_5)
DA:1,5
DA:13,5
DA:15,8
DA:16,8
DA:20,19
DA:21,19
DA:30,45
DA:31,45
DA:35,0
DA:36,0
DA:37,0
DA:41,0
DA:45,0
DA:46,0
DA:50,0
DA:51,0
LF:16
LH:8
BRDA:34,0,0,0
BRDA:34,1,0,0
BRDA:51,2,0,0
BRDA:51,2,1,0
BRF:4
BRH:0
end_of_record
TN:
SF:src/routes/application.route.ts
FNF:0
FNH:0
DA:1,5
DA:2,5
DA:3,5
DA:5,5
DA:6,5
DA:9,5
DA:12,5
DA:13,5
DA:14,5
DA:17,5
DA:18,5
DA:21,5
DA:23,5
LF:13
LH:13
BRF:0
BRH:0
end_of_record
TN:
SF:src/routes/auth.route.ts
FN:14,(anonymous_0)
FNF:1
FNH:0
FNDA:0,(anonymous_0)
DA:1,5
DA:2,5
DA:3,5
DA:5,5
DA:6,5
DA:8,5
DA:9,5
DA:10,5
DA:11,5
DA:12,5
DA:14,5
DA:15,0
DA:18,5
LF:13
LH:12
BRF:0
BRH:0
end_of_record
TN:
SF:src/routes/campaign.route.ts
FNF:0
FNH:0
DA:1,5
DA:2,5
DA:3,5
DA:5,5
DA:6,5
DA:9,5
DA:10,5
DA:11,5
DA:12,5
DA:15,5
DA:16,5
DA:17,5
DA:20,5
DA:22,5
LF:14
LH:14
BRF:0
BRH:0
end_of_record
TN:
SF:src/routes/message.route.ts
FNF:0
FNH:0
DA:1,5
DA:2,5
DA:3,5
DA:5,5
DA:7,5
DA:8,5
DA:9,5
DA:10,5
DA:11,5
DA:13,5
LF:10
LH:10
BRF:0
BRH:0
end_of_record
TN:
SF:src/routes/notification.route.ts
FNF:0
FNH:0
DA:1,5
DA:2,5
DA:3,5
DA:5,5
DA:7,5
DA:8,5
DA:9,5
DA:10,5
DA:11,5
DA:13,5
LF:10
LH:10
BRF:0
BRH:0
end_of_record
TN:
SF:src/routes/payment.route.ts
FNF:0
FNH:0
DA:1,5
DA:2,5
DA:3,5
DA:4,5
DA:5,5
DA:7,5
DA:9,5
DA:10,5
DA:11,5
DA:13,5
DA:14,5
DA:15,5
DA:17,5
LF:13
LH:13
BRF:0
BRH:0
end_of_record
TN:
SF:src/routes/profile.route.ts
FNF:0
FNH:0
DA:1,5
DA:2,5
DA:3,5
DA:4,5
DA:6,5
DA:8,5
DA:9,5
DA:10,5
DA:13,5
DA:15,5
LF:10
LH:10
BRF:0
BRH:0
end_of_record
TN:
SF:src/routes/review.route.ts
FNF:0
FNH:0
DA:1,5
DA:2,5
DA:3,5
DA:5,5
DA:6,5
DA:9,5
DA:12,5
DA:14,5
LF:8
LH:8
BRF:0
BRH:0
end_of_record
TN:
SF:src/routes/user.route.ts
FNF:0
FNH:0
DA:1,5
DA:2,5
DA:3,5
DA:4,5
DA:5,5
DA:6,5
DA:10,5
DA:11,5
DA:16,5
DA:19,5
DA:22,5
DA:25,5
DA:26,5
DA:27,5
DA:30,5
DA:32,5
LF:16
LH:16
BRF:0
BRH:0
end_of_record
TN:
SF:src/services/email.service.ts
FN:7,(anonymous_1)
FN:19,(anonymous_2)
FNF:2
FNH:0
FNDA:0,(anonymous_1)
FNDA:0,(anonymous_2)
DA:1,5
DA:2,5
DA:4,5
DA:8,0
DA:20,0
DA:21,0
DA:39,0
DA:40,0
DA:41,0
DA:42,0
DA:43,0
DA:45,0
DA:46,0
LF:13
LH:3
BRDA:20,0,0,0
BRDA:20,0,1,0
BRF:2
BRH:0
end_of_record
TN:
SF:src/services/user.service.ts
FN:12,(anonymous_1)
FN:16,(anonymous_2)
FN:39,(anonymous_3)
FN:63,(anonymous_4)
FN:67,(anonymous_5)
FN:75,(anonymous_6)
FN:83,(anonymous_7)
FN:91,(anonymous_8)
FN:114,(anonymous_9)
FNF:9
FNH:3
FNDA:10,(anonymous_1)
FNDA:9,(anonymous_2)
FNDA:10,(anonymous_3)
FNDA:0,(anonymous_4)
FNDA:0,(anonymous_5)
FNDA:0,(anonymous_6)
FNDA:0,(anonymous_7)
FNDA:0,(anonymous_8)
FNDA:0,(anonymous_9)
DA:1,5
DA:2,5
DA:4,5
DA:5,5
DA:6,5
DA:7,5
DA:9,5
DA:13,10
DA:18,9
DA:19,9
DA:20,1
DA:22,8
DA:30,8
DA:31,8
DA:34,8
DA:36,8
DA:40,10
DA:41,10
DA:42,0
DA:45,10
DA:46,10
DA:47,1
DA:51,9
DA:58,9
DA:60,9
DA:64,0
DA:68,0
DA:69,0
DA:70,0
DA:72,0
DA:76,0
DA:77,0
DA:78,0
DA:80,0
DA:84,0
DA:85,0
DA:86,0
DA:88,0
DA:92,0
DA:93,0
DA:95,0
DA:99,0
DA:100,0
DA:103,0
DA:104,0
DA:106,0
DA:111,0
DA:116,0
DA:121,0
DA:122,0
DA:123,0
DA:124,0
DA:125,0
DA:129,0
DA:130,0
DA:133,0
DA:134,0
DA:135,0
DA:136,0
DA:137,0
DA:139,0
LF:61
LH:24
BRDA:13,0,0,10
BRDA:13,0,1,10
BRDA:19,1,0,1
BRDA:41,2,0,0
BRDA:46,3,0,1
BRDA:63,4,0,0
BRDA:63,5,0,0
BRDA:69,6,0,0
BRDA:77,7,0,0
BRDA:85,8,0,0
BRDA:93,9,0,0
BRDA:123,10,0,0
BRDA:123,11,0,0
BRDA:123,11,1,0
BRDA:129,12,0,0
BRF:15
BRH:4
end_of_record
